Cost 852
Edges 608
E 4 2
E 2 1
E 1 3
E 3 7
E 7 15
E 15 31
E 31 63
E 63 127
E 127 255
E 255 511
E 511 1023
E 63 191
E 191 447
E 447 959
E 959 1983
E 63 319
E 319 1343
E 31 159
E 159 1183
E 1183 1439
E 159 415
E 31 287
E 287 351
E 351 863
E 863 1887
E 31 95
E 15 47
E 47 111
E 111 623
E 623 751
E 751 1775
E 111 239
E 47 175
E 175 431
E 431 943
E 175 1199
E 47 303
E 303 815
E 15 79
E 79 207
E 207 719
E 79 1103
E 1103 1359
E 79 335
E 15 143
E 143 399
E 399 911
E 15 527
E 527 1551
E 7 39
E 39 55
E 55 119
E 119 247
E 247 503
E 503 1015
E 119 631
E 631 1655
E 119 375
E 55 183
E 39 103
E 103 231
E 231 487
E 487 999
E 999 2023
E 103 359
E 7 71
E 71 87
E 87 215
E 215 471
E 471 983
E 215 1239
E 71 1095
E 1095 1223
E 71 199
E 7 135
E 135 391
E 391 903
E 903 1927
E 7 263
E 263 1287
E 7 23
E 7 519
E 3 11
E 11 27
E 27 91
E 91 123
E 123 251
E 251 507
E 507 1531
E 91 219
E 219 731
E 91 603
E 603 1627
E 27 155
E 155 187
E 187 699
E 155 667
E 667 1691
E 27 283
E 283 795
E 27 539
E 539 571
E 27 59
E 11 43
E 43 107
E 107 1131
E 43 171
E 171 427
E 43 299
E 11 75
E 75 203
E 203 459
E 459 971
E 971 1995
E 75 331
E 331 843
E 843 1867
E 11 139
E 3 19
E 19 51
E 51 115
E 115 627
E 627 755
E 755 1779
E 115 243
E 51 179
E 179 435
E 51 307
E 307 819
E 819 1843
E 19 83
E 83 1107
E 1107 1363
E 83 339
E 19 147
E 147 403
E 403 1427
E 19 531
E 531 535
E 531 1555
E 3 35
E 35 99
E 99 355
E 355 867
E 99 611
E 35 163
E 163 419
E 419 1443
E 163 675
E 35 291
E 291 803
E 803 1827
E 35 547
E 3 67
E 67 195
E 195 451
E 67 68
E 3 515
E 515 1539
E 3 1027
E 1 5
E 5 21
E 21 29
E 29 61
E 61 125
E 125 1149
E 61 317
E 317 445
E 445 957
E 957 1981
E 61 573
E 573 1597
E 61 189
E 29 93
E 93 221
E 221 733
E 733 1757
E 221 477
E 29 157
E 157 669
E 669 1693
E 29 285
E 285 797
E 21 53
E 53 117
E 117 245
E 245 757
E 117 373
E 53 181
E 181 437
E 437 1461
E 21 85
E 85 213
E 213 1237
E 85 341
E 21 149
E 149 661
E 661 1685
E 21 277
E 277 789
E 789 1813
E 5 69
E 69 77
E 77 205
E 205 461
E 461 973
E 69 101
E 101 229
E 229 741
E 741 997
E 997 2021
E 229 485
E 69 581
E 581 1605
E 69 1093
E 5 133
E 133 141
E 141 397
E 397 1421
E 133 165
E 165 677
E 677 1701
E 133 389
E 5 261
E 261 293
E 293 805
E 5 1029
E 1029 1061
E 5 13
E 5 37
E 1 9
E 9 41
E 41 45
E 45 109
E 109 237
E 237 493
E 493 1517
E 109 621
E 45 301
E 301 813
E 813 1837
E 41 57
E 57 121
E 121 377
E 377 1401
E 1401 1913
E 377 889
E 57 185
E 185 1209
E 41 169
E 169 233
E 233 745
E 169 681
E 681 937
E 937 1961
E 169 425
E 41 553
E 553 1577
E 41 105
E 41 297
E 9 73
E 73 89
E 89 217
E 217 473
E 73 201
E 201 1225
E 73 329
E 329 841
E 841 1865
E 9 137
E 137 649
E 9 265
E 265 281
E 281 1305
E 9 1033
E 1033 1049
E 9 25
E 1 17
E 17 49
E 49 113
E 113 369
E 113 1137
E 49 177
E 177 433
E 433 945
E 49 561
E 17 81
E 81 209
E 209 465
E 465 977
E 977 2001
E 81 593
E 17 273
E 273 401
E 401 913
E 913 1937
E 17 145
E 1 33
E 33 97
E 97 225
E 225 1249
E 97 353
E 353 1377
E 1 65
E 65 193
E 193 705
E 1 129
E 129 1153
E 1 513
E 513 769
E 1 257
E 2 6
E 6 8
E 8 16
E 16 32
E 32 64
E 64 128
E 128 256
E 256 1280
E 128 640
E 64 192
E 192 448
E 32 96
E 96 224
E 224 480
E 480 992
E 992 2016
E 32 160
E 160 416
E 416 928
E 928 1952
E 160 672
E 32 288
E 288 800
E 32 1056
E 16 80
E 80 112
E 112 368
E 368 880
E 880 1904
E 80 208
E 208 720
E 720 1744
E 208 464
E 16 144
E 144 176
E 176 432
E 432 1456
E 16 48
E 8 24
E 24 56
E 56 120
E 120 248
E 248 504
E 504 1528
E 56 184
E 184 696
E 696 1720
E 56 312
E 312 824
E 56 1080
E 24 88
E 88 600
E 600 1624
E 88 216
E 24 1048
E 1048 1304
E 24 280
E 8 40
E 40 104
E 104 232
E 232 744
E 104 1128
E 40 168
E 168 424
E 40 552
E 552 1576
E 8 72
E 72 328
E 328 1352
E 1352 1864
E 328 840
E 8 136
E 136 1160
E 6 14
E 14 30
E 30 62
E 62 126
E 126 254
E 254 510
E 510 1022
E 62 190
E 190 702
E 62 574
E 574 1598
E 62 318
E 30 94
E 94 350
E 350 1374
E 94 606
E 30 158
E 158 1182
E 14 46
E 46 110
E 110 238
E 238 494
E 494 1518
E 238 750
E 110 366
E 46 174
E 174 686
E 14 78
E 78 206
E 78 1102
E 14 142
E 142 398
E 14 526
E 526 782
E 782 1806
E 14 270
E 6 22
E 22 54
E 54 182
E 182 246
E 54 310
E 310 374
E 374 886
E 886 1910
E 54 118
E 22 86
E 86 214
E 214 726
E 726 1750
E 22 150
E 150 662
E 662 918
E 150 406
E 22 1046
E 6 38
E 38 102
E 102 614
E 614 1638
E 38 166
E 166 422
E 422 934
E 934 1958
E 166 1190
E 38 294
E 294 1318
E 6 70
E 70 198
E 198 454
E 454 1478
E 70 326
E 326 838
E 6 134
E 134 646
E 6 518
E 2 10
E 10 12
E 12 28
E 28 60
E 60 124
E 124 1148
E 1148 1404
E 124 380
E 60 188
E 188 700
E 60 316
E 316 828
E 828 1852
E 28 92
E 92 220
E 220 476
E 220 1244
E 92 348
E 28 284
E 284 796
E 796 1820
E 12 44
E 44 108
E 108 236
E 236 492
E 492 1004
E 236 1260
E 108 364
E 364 876
E 876 1900
E 44 172
E 172 684
E 684 1708
E 12 268
E 268 396
E 396 1420
E 268 1292
E 12 76
E 12 140
E 12 524
E 10 42
E 42 58
E 58 122
E 122 634
E 634 762
E 762 1786
E 634 1658
E 122 250
E 58 186
E 186 442
E 442 1466
E 42 106
E 106 362
E 42 298
E 298 810
E 42 1066
E 10 74
E 74 90
E 90 218
E 218 1242
E 90 602
E 602 1626
E 74 202
E 202 458
E 458 970
E 970 1994
E 74 330
E 74 586
E 10 138
E 138 154
E 154 410
E 410 922
E 138 650
E 650 1674
E 10 26
E 2 18
E 18 20
E 20 52
E 52 116
E 116 244
E 244 500
E 500 1012
E 1012 2036
E 116 628
E 52 180
E 180 1204
E 52 1076
E 20 84
E 84 340
E 340 1364
E 20 148
E 148 404
E 404 916
E 148 660
E 18 50
E 50 114
E 114 242
E 242 498
E 498 1522
E 50 178
E 178 690
E 690 1714
E 50 306
E 306 1330
E 50 562
E 18 82
E 82 210
E 210 722
E 82 338
E 338 850
E 18 146
E 146 402
E 18 1042
E 2 34
E 34 36
E 36 100
E 100 228
E 228 484
E 36 292
E 34 98
E 98 226
E 226 482
E 482 994
E 98 354
E 354 1378
E 98 610
E 610 1634
E 34 290
E 290 418
E 418 930
E 930 1954
E 34 162
E 2 130
E 130 132
E 132 196
E 196 708
E 708 1732
E 132 388
E 388 900
E 130 194
E 194 450
E 450 1474
E 2 258
E 258 770
E 770 1794
E 2 514
E 514 516
E 516 580
E 580 588
E 2 66
