Cost 240160
Edges 1901
E 5 1
E 1 257
E 257 265
E 265 329
E 329 2377
E 2377 2379
E 329 457
E 257 2305
E 1 65
E 65 81
E 81 17
E 17 273
E 273 1297
E 1297 1329
E 81 2129
E 65 69
E 69 77
E 77 79
E 79 80
E 80 592
E 80 78
E 65 73
E 73 2121
E 2121 2125
E 2125 2157
E 2121 2249
E 2249 201
E 73 74
E 74 202
E 202 234
E 234 250
E 250 218
E 218 222
E 222 478
E 478 462
E 462 494
E 494 238
E 238 240
E 240 256
E 256 2304
E 240 232
E 494 1518
E 1518 1520
E 1520 1516
E 1516 492
E 492 491
E 491 459
E 459 203
E 203 139
E 139 155
E 155 187
E 187 188
E 188 180
E 180 164
E 164 168
E 168 40
E 40 104
E 104 72
E 72 88
E 88 24
E 24 32
E 32 16
E 16 144
E 32 31
E 31 95
E 32 1056
E 1056 1184
E 1184 1696
E 1696 1694
E 1694 1950
E 1950 1946
E 1184 1182
E 24 20
E 104 102
E 102 118
E 118 246
E 246 182
E 182 54
E 54 38
E 38 550
E 550 558
E 558 560
E 560 2608
E 2608 2672
E 2672 2668
E 2668 2666
E 2608 2864
E 2864 2862
E 2862 2606
E 2606 2670
E 2608 2736
E 550 2598
E 2598 2086
E 38 46
E 46 1070
E 1070 1582
E 1582 1550
E 38 34
E 54 2102
E 2102 3126
E 3126 3134
E 3134 3130
E 3130 3194
E 3194 2170
E 54 62
E 182 166
E 166 165
E 165 421
E 421 422
E 422 424
E 424 1448
E 1448 1192
E 1192 1200
E 1448 1960
E 424 2472
E 2472 3496
E 165 677
E 677 933
E 933 929
E 929 931
E 931 419
E 419 1443
E 1443 1447
E 1447 1455
E 1455 1453
E 1453 1469
E 1469 3517
E 1455 1967
E 1967 4015
E 929 945
E 945 689
E 689 690
E 690 2738
E 689 753
E 933 997
E 997 1005
E 1005 973
E 973 845
E 1005 2029
E 933 2981
E 165 2213
E 2213 2214
E 166 134
E 134 6
E 6 70
E 70 326
E 134 130
E 130 146
E 146 402
E 402 1426
E 1426 1458
E 1458 1202
E 1202 1204
E 1204 1076
E 1076 1060
E 1060 1064
E 1064 1032
E 1060 1316
E 146 2194
E 2194 2198
E 2198 2070
E 2070 2582
E 2582 2590
E 2590 2718
E 2718 2714
E 2714 3738
E 2590 2654
E 2654 3678
E 130 2178
E 2178 2434
E 2434 2433
E 2433 2497
E 2434 2450
E 2178 2690
E 182 190
E 190 158
E 158 157
E 157 141
E 141 133
E 157 221
E 221 733
E 733 605
E 605 597
E 597 853
E 853 789
E 789 791
E 791 823
E 823 819
E 819 947
E 947 948
E 948 1012
E 1012 2036
E 2036 1524
E 1524 1460
E 2036 2035
E 789 797
E 797 541
E 541 2589
E 605 607
E 607 603
E 603 91
E 91 1115
E 1115 1051
E 1051 1179
E 1179 1180
E 1180 1244
E 1244 1243
E 1243 1235
E 1235 1239
E 1239 3287
E 1235 3283
E 3283 2259
E 2259 2291
E 1244 1500
E 1500 1499
E 1499 1503
E 1503 1495
E 1495 1431
E 1431 1415
E 1180 1172
E 1172 1684
E 1684 1716
E 1180 3228
E 3228 3740
E 3740 3724
E 3724 3212
E 3740 3772
E 1051 1052
E 603 635
E 635 571
E 571 539
E 539 1563
E 1563 1564
E 1564 1596
E 1596 3644
E 1564 3612
E 571 572
E 572 60
E 603 601
E 601 602
E 605 2653
E 2653 2645
E 2645 2641
E 2653 2655
E 2655 2783
E 2783 2767
E 2653 3677
E 3677 3661
E 3661 3657
E 733 735
E 735 736
E 736 608
E 608 96
E 736 1760
E 1760 1744
E 1744 1680
E 1680 3728
E 3728 3744
E 3744 3742
E 3742 3774
E 3774 3776
E 735 991
E 991 1023
E 1023 767
E 767 751
E 751 1775
E 767 1791
E 1791 1783
E 1783 759
E 759 247
E 247 1271
E 1271 1269
E 735 223
E 221 217
E 217 89
E 89 2137
E 2137 2393
E 2393 2329
E 2329 2073
E 2073 2201
E 2201 2713
E 2713 2705
E 2705 2769
E 2769 3793
E 3793 3794
E 3794 3730
E 3730 3729
E 2393 345
E 345 1369
E 2137 2138
E 2138 2122
E 2122 2126
E 2126 2118
E 2118 2630
E 2630 2758
E 2758 2760
E 2126 2638
E 2638 2640
E 2640 2128
E 2128 3152
E 3152 3088
E 3088 3344
E 3152 3664
E 3664 3656
E 3656 3688
E 3664 3662
E 3662 3918
E 3918 3934
E 3934 3930
E 2128 2064
E 2138 2140
E 2140 2076
E 2076 2332
E 2332 2460
E 2460 2464
E 2464 2448
E 2448 2444
E 2444 2956
E 2460 3484
E 3484 3488
E 3488 4000
E 3484 3516
E 2076 2060
E 2060 2052
E 2052 2068
E 2068 2066
E 2066 3090
E 2052 2308
E 2308 2312
E 2312 2056
E 2056 2088
E 2088 2087
E 2087 2083
E 2083 2091
E 2091 2603
E 2603 2607
E 2607 2863
E 2863 2351
E 2351 2319
E 2319 2831
E 2863 2861
E 2861 2877
E 2877 2879
E 2879 2871
E 2871 2839
E 2839 2840
E 2840 2872
E 2839 3863
E 3863 3871
E 3871 3867
E 2871 2869
E 2869 2997
E 2997 3061
E 3061 3045
E 3045 2917
E 2871 2999
E 2999 2995
E 2995 2993
E 2993 2961
E 2961 2963
E 2963 3987
E 3987 3971
E 2879 3007
E 3007 3003
E 3003 2875
E 2863 2991
E 2991 2479
E 2479 2543
E 2603 2859
E 2083 2339
E 2339 2403
E 2403 2371
E 2371 2369
E 2369 2113
E 2113 2625
E 2625 3649
E 3649 3651
E 2113 2049
E 2049 2051
E 2051 2563
E 2049 2561
E 2561 2569
E 2569 2601
E 2601 2617
E 2617 2621
E 2561 3585
E 2113 2114
E 2403 3427
E 2083 2595
E 2087 3111
E 3111 3107
E 3107 3108
E 3108 3236
E 2312 2376
E 2376 3400
E 3400 3398
E 3398 3397
E 2312 2440
E 2140 3164
E 157 2205
E 2205 2461
E 2461 2462
E 2462 2494
E 2494 3006
E 2461 2525
E 2525 2397
E 2205 2269
E 2269 3293
E 2205 2717
E 2717 2719
E 2719 2751
E 2751 2749
E 2749 2813
E 2813 2797
E 2797 3821
E 3821 3817
E 3817 3819
E 3819 3755
E 3755 1707
E 1707 1675
E 2813 3837
E 2719 2711
E 158 670
E 670 672
E 672 668
E 158 2206
E 246 245
E 245 241
E 241 249
E 249 1273
E 1273 1529
E 118 114
E 114 2162
E 2162 2161
E 2161 2417
E 2417 2421
E 2421 2405
E 2405 2149
E 2149 101
E 101 109
E 109 621
E 621 617
E 617 633
E 633 569
E 569 573
E 573 701
E 633 634
E 634 618
E 618 554
E 554 682
E 682 686
E 686 2734
E 2734 2990
E 2990 2986
E 2986 2730
E 2730 2602
E 2986 2474
E 101 613
E 613 1637
E 2149 2150
E 114 113
E 118 120
E 120 632
E 632 640
E 640 624
E 624 623
E 623 619
E 619 555
E 555 43
E 640 1664
E 118 117
E 104 1128
E 1128 1136
E 1136 1072
E 1072 1328
E 1328 1326
E 1326 302
E 302 430
E 1326 1838
E 1838 1830
E 1328 1344
E 1344 1336
E 1336 1320
E 1320 296
E 1344 1856
E 1856 1920
E 1920 1888
E 1888 1886
E 1920 1916
E 1916 3964
E 3964 3962
E 3962 3961
E 1916 1900
E 1900 1904
E 1904 1392
E 1128 1096
E 1096 1352
E 1352 1864
E 1128 1256
E 104 2152
E 2152 2280
E 2280 2536
E 2536 2532
E 2532 2500
E 2500 3524
E 168 680
E 680 552
E 180 179
E 179 177
E 177 145
E 145 149
E 149 21
E 21 533
E 533 535
E 535 663
E 663 695
E 695 691
E 691 699
E 699 1723
E 1723 3771
E 535 1559
E 149 405
E 405 277
E 277 261
E 261 269
E 269 2317
E 2317 2349
E 277 1301
E 1301 1813
E 1813 1814
E 1814 1302
E 1302 1046
E 1046 1174
E 1174 1238
E 1238 214
E 214 470
E 470 2518
E 2518 3030
E 3030 2774
E 2774 2646
E 2646 3670
E 1174 1430
E 1430 1494
E 1174 1173
E 1173 1181
E 1181 1165
E 1165 3213
E 3213 3229
E 3229 3230
E 3230 3232
E 1165 1037
E 1037 1033
E 1181 1437
E 1437 1309
E 1309 1821
E 1174 1206
E 1046 1558
E 1558 3606
E 3606 3094
E 3094 3096
E 3096 1048
E 1048 1304
E 3606 3734
E 3734 3733
E 3733 3765
E 3765 1717
E 3734 1686
E 1686 662
E 1813 1797
E 177 181
E 181 189
E 189 185
E 185 169
E 169 681
E 681 1705
E 1705 3753
E 3753 3745
E 3745 3233
E 3233 1185
E 3233 3237
E 681 685
E 681 2729
E 169 1193
E 1193 1449
E 1449 1321
E 1321 1289
E 1289 1353
E 1353 1357
E 1357 1349
E 1349 1365
E 1365 1493
E 1349 1345
E 1357 1293
E 1293 1421
E 1421 397
E 397 461
E 461 453
E 453 485
E 1421 1933
E 1933 1965
E 1965 4013
E 4013 3885
E 3885 3629
E 3629 3645
E 3645 3133
E 3133 3125
E 3125 2101
E 2101 2613
E 3133 3197
E 3885 3887
E 3887 3631
E 1193 1197
E 1197 1198
E 1198 1214
E 1214 1216
E 1216 1215
E 1214 1726
E 1726 1790
E 1198 3246
E 3246 2222
E 2222 2478
E 2478 2477
E 2477 2541
E 2541 2285
E 2222 2190
E 3246 3242
E 3242 2218
E 2218 170
E 170 172
E 172 176
E 176 192
E 192 2240
E 2240 2232
E 2232 2228
E 2240 2239
E 192 704
E 704 768
E 185 186
E 177 49
E 49 50
E 50 18
E 18 2
E 2 10
E 10 9
E 9 11
E 11 15
E 15 2063
E 2063 2575
E 2575 2573
E 2573 2829
E 2829 2845
E 2845 2909
E 2909 861
E 861 1885
E 1885 1629
E 1629 1565
E 1565 1566
E 1566 542
E 542 534
E 1629 1757
E 1757 1753
E 15 271
E 9 41
E 41 105
E 9 2057
E 10 2058
E 2058 2062
E 2062 2061
E 2061 2077
E 2077 29
E 29 25
E 2077 2069
E 2069 2071
E 2 258
E 258 260
E 260 772
E 258 274
E 274 1298
E 1298 1300
E 1300 1299
E 1299 1331
E 1331 1459
E 1459 1457
E 1457 1201
E 1201 1169
E 1457 433
E 1299 3347
E 3347 3345
E 3345 3346
E 1300 3348
E 274 276
E 276 308
E 308 372
E 372 1396
E 1396 1364
E 1364 1363
E 1363 1107
E 1107 1091
E 1091 1123
E 1123 1131
E 1131 1067
E 1067 1195
E 1195 171
E 1091 67
E 1363 1395
E 1395 1403
E 1403 1387
E 1387 1323
E 1323 1315
E 1315 1283
E 1283 3331
E 3331 3843
E 3843 1795
E 1795 1859
E 1387 1379
E 1379 1347
E 1403 1404
E 1395 1399
E 1364 1492
E 1492 1496
E 1364 3412
E 3412 3411
E 3411 3409
E 3409 3417
E 3417 3545
E 3545 3546
E 3409 3537
E 308 1332
E 1332 1330
E 1330 1074
E 1074 1042
E 1042 1041
E 1041 1073
E 1073 3121
E 3121 3129
E 3129 1081
E 1081 1593
E 1074 1058
E 1058 1062
E 1062 1061
E 1061 1029
E 1029 1030
E 1030 1158
E 1158 3206
E 1030 3078
E 3078 3086
E 3086 3342
E 1029 1093
E 1093 1094
E 1094 1090
E 1090 1106
E 1106 1108
E 1090 1122
E 1094 1350
E 1350 1366
E 1366 1110
E 1110 1109
E 1093 1125
E 1125 1253
E 1253 1261
E 1261 1517
E 1517 1519
E 1519 1515
E 1519 3567
E 1093 1089
E 1089 1097
E 1097 1113
E 1113 1145
E 1145 1129
E 1129 1065
E 1065 1577
E 1577 1579
E 1579 1643
E 1145 1657
E 1657 3705
E 3705 3706
E 3706 3642
E 3642 3641
E 3641 3625
E 3625 3113
E 3113 3369
E 3706 3708
E 3708 3707
E 3707 3711
E 3711 1663
E 1663 1647
E 1647 1583
E 1583 1551
E 1551 1807
E 1807 1808
E 1808 1806
E 1806 1934
E 1808 1804
E 1647 3695
E 3695 2671
E 2671 2669
E 2669 2665
E 2665 2793
E 2793 2809
E 2809 2777
E 2665 3689
E 2671 2927
E 2927 3055
E 3055 4079
E 4079 4077
E 3711 3703
E 3703 3687
E 1093 1101
E 1101 1102
E 1101 1229
E 1029 1541
E 1541 3589
E 3589 3077
E 3077 3079
E 3079 3143
E 3143 3151
E 3151 3149
E 3149 3141
E 3589 3605
E 3605 3607
E 1061 1077
E 1077 1079
E 1079 1591
E 1591 1655
E 1655 1653
E 1653 1781
E 1781 1765
E 1765 1767
E 1767 3815
E 1655 1911
E 1079 55
E 55 183
E 1062 1190
E 1190 1446
E 1446 1454
E 1190 3238
E 3238 3234
E 3234 3250
E 3250 3252
E 3252 3124
E 3124 3188
E 3188 3186
E 3186 3314
E 3124 3380
E 3380 3379
E 3379 3443
E 3443 3444
E 3444 3956
E 3956 3955
E 3955 3939
E 3939 3940
E 3940 3938
E 3938 3937
E 3937 3425
E 3425 3553
E 3553 3554
E 3937 3681
E 3681 3809
E 3937 3945
E 3945 3881
E 3881 3897
E 3897 2873
E 2873 2937
E 2937 2929
E 3897 1849
E 1849 1817
E 1817 3865
E 1849 1833
E 1833 1835
E 1835 1839
E 1839 815
E 815 807
E 3881 3882
E 3882 3874
E 3955 3963
E 3379 3507
E 3507 3505
E 3505 4017
E 3252 3256
E 3256 3224
E 3250 3258
E 3258 3257
E 3238 3254
E 3254 3510
E 1074 1078
E 1330 1394
E 1394 1398
E 1398 1406
E 1406 3454
E 3454 3446
E 308 820
E 820 884
E 276 2324
E 2324 2836
E 2836 3860
E 3860 3988
E 276 340
E 340 348
E 348 380
E 380 378
E 378 382
E 382 318
E 318 830
E 830 814
E 830 826
E 382 374
E 374 502
E 380 384
E 384 128
E 128 127
E 127 119
E 119 103
E 103 2151
E 2151 2119
E 2119 2120
E 2120 2116
E 2119 2247
E 2151 2279
E 2279 2215
E 2215 2727
E 2727 2725
E 2725 2721
E 2721 2977
E 2977 2985
E 2985 3049
E 3049 3041
E 2215 2471
E 2471 2343
E 2151 3175
E 3175 3431
E 3431 3399
E 119 375
E 348 347
E 347 859
E 348 860
E 860 892
E 892 876
E 876 620
E 620 556
E 556 524
E 524 523
E 556 44
E 340 2388
E 2388 2396
E 2396 2394
E 2394 2398
E 340 468
E 468 466
E 466 978
E 978 722
E 722 210
E 276 275
E 274 338
E 258 2306
E 2306 2322
E 2322 2321
E 2321 2325
E 2325 3349
E 2322 2386
E 2386 2898
E 2898 3026
E 2322 2354
E 2322 2330
E 2306 3330
E 3330 3074
E 3074 1026
E 1026 1282
E 1282 1314
E 1314 1313
E 1313 289
E 289 801
E 801 803
E 803 804
E 804 812
E 812 780
E 780 779
E 779 267
E 267 299
E 299 303
E 303 1327
E 1327 1319
E 1319 1063
E 1327 3375
E 3375 3343
E 3343 3339
E 3339 3371
E 3343 3407
E 3407 3423
E 3423 3424
E 3375 3367
E 3367 3365
E 3365 3366
E 3366 3374
E 3374 3886
E 3365 3493
E 1327 1343
E 303 431
E 299 300
E 300 298
E 298 290
E 290 418
E 418 420
E 420 436
E 436 500
E 500 484
E 436 440
E 290 354
E 354 482
E 482 1506
E 1506 2018
E 2018 2017
E 2017 1985
E 300 1324
E 1324 1340
E 1340 1084
E 1084 1148
E 1148 1276
E 1084 1083
E 1083 1147
E 1340 1308
E 1308 1306
E 1306 1434
E 1434 1433
E 1433 3481
E 3481 3485
E 3485 3469
E 1434 1436
E 1436 1468
E 1468 1452
E 1452 1964
E 1964 1932
E 1932 1931
E 1931 1923
E 1923 1955
E 1955 1971
E 1971 4019
E 4019 4023
E 4023 3767
E 3767 3735
E 3735 3719
E 3719 1671
E 3735 3991
E 3991 3989
E 3989 4021
E 4021 4005
E 4005 3749
E 3749 3621
E 3621 3637
E 4023 4024
E 4024 3896
E 1971 1715
E 1715 3763
E 3763 3761
E 3761 3633
E 3633 3889
E 3889 3953
E 1436 1948
E 1948 1947
E 1947 1951
E 1951 1695
E 1306 1338
E 1324 1836
E 812 810
E 810 778
E 778 1802
E 1802 1930
E 1930 1994
E 1994 1998
E 1998 1997
E 1997 1999
E 1999 1991
E 1991 1927
E 1927 3975
E 3975 4039
E 1991 2007
E 2007 2005
E 2005 981
E 2007 2015
E 1999 4047
E 4047 3791
E 3791 3663
E 3663 2639
E 2639 591
E 591 589
E 3663 3919
E 3791 3787
E 3787 3803
E 3803 1755
E 4047 4048
E 4048 4046
E 4046 3022
E 1997 1869
E 1869 1805
E 1930 1674
E 1674 1706
E 1930 3978
E 1802 1794
E 1794 1922
E 1922 1938
E 1938 1682
E 1682 1681
E 778 906
E 906 650
E 812 816
E 816 784
E 784 848
E 848 844
E 844 332
E 332 2380
E 844 836
E 836 852
E 852 1876
E 1876 1874
E 1874 1810
E 852 980
E 980 724
E 724 596
E 596 628
E 836 324
E 324 1348
E 1348 1356
E 1356 1484
E 1484 1996
E 1996 2028
E 2028 1004
E 1004 1008
E 1004 748
E 2028 4076
E 1996 1988
E 848 847
E 847 839
E 839 583
E 848 1872
E 1872 1868
E 812 940
E 940 684
E 684 688
E 688 944
E 944 1968
E 1968 1712
E 1712 3760
E 3760 3756
E 3756 3754
E 3754 3746
E 3746 3750
E 944 936
E 936 2984
E 2984 2983
E 2983 3047
E 3047 3063
E 3063 3031
E 3031 2903
E 3047 999
E 803 1827
E 801 809
E 809 937
E 937 905
E 905 897
E 937 1961
E 809 873
E 873 1001
E 1001 969
E 969 970
E 873 361
E 809 297
E 801 2849
E 2849 2817
E 2817 2833
E 2833 2834
E 2834 2866
E 2866 2868
E 2868 2996
E 1313 1317
E 1317 1381
E 1381 1383
E 1383 1511
E 1511 1507
E 1317 1318
E 3074 3202
E 3202 3204
E 3204 3716
E 3716 1668
E 1668 1732
E 2306 2310
E 2310 2822
E 258 266
E 2 66
E 66 578
E 188 252
E 252 220
E 220 476
E 252 508
E 508 507
E 188 2236
E 2236 2492
E 2492 3004
E 3004 2988
E 2988 2476
E 155 153
E 139 140
E 140 132
E 139 143
E 143 175
E 175 239
E 239 237
E 175 167
E 167 39
E 39 295
E 295 293
E 293 309
E 39 47
E 47 63
E 63 61
E 61 45
E 45 37
E 37 53
E 53 565
E 565 549
E 549 551
E 551 547
E 547 611
E 611 579
E 579 580
E 580 612
E 612 868
E 579 595
E 595 627
E 627 115
E 115 51
E 51 52
E 52 564
E 51 307
E 115 116
E 116 244
E 244 756
E 756 1780
E 1780 1748
E 1748 3796
E 116 2164
E 2164 2420
E 595 851
E 851 787
E 787 531
E 531 2579
E 2579 2643
E 2643 2647
E 2647 2648
E 2648 2904
E 2904 2912
E 2912 2656
E 2656 2784
E 2912 3936
E 3936 3928
E 3928 3924
E 787 2835
E 2835 2843
E 2843 2844
E 2844 2588
E 787 915
E 595 599
E 599 631
E 595 1619
E 1619 1651
E 551 567
E 567 563
E 563 561
E 561 625
E 625 1649
E 1649 1585
E 1585 1553
E 1553 3601
E 3601 3603
E 3603 3859
E 1553 1554
E 1554 3602
E 3602 3604
E 3604 2580
E 1585 1586
E 1586 1588
E 625 626
E 626 882
E 882 866
E 866 2914
E 2914 2918
E 2918 2406
E 567 2615
E 2615 2743
E 37 33
E 33 35
E 35 99
E 33 161
E 161 163
E 163 2211
E 2211 2467
E 161 417
E 417 425
E 425 427
E 427 1451
E 1451 1419
E 427 428
E 425 489
E 489 1513
E 161 2209
E 33 2081
E 2081 2145
E 2145 2146
E 2146 2082
E 2082 2090
E 2090 2089
E 2089 2105
E 2090 2346
E 2346 2338
E 2338 2340
E 2145 3169
E 45 1069
E 61 317
E 317 319
E 319 383
E 383 2431
E 2431 3455
E 3455 3583
E 319 320
E 320 2368
E 319 831
E 831 1855
E 317 1341
E 1341 1405
E 1405 1389
E 63 575
E 143 159
E 159 151
E 151 147
E 147 1171
E 151 152
E 152 160
E 160 416
E 416 415
E 415 927
E 927 799
E 799 795
E 795 283
E 283 315
E 315 2363
E 283 411
E 411 1435
E 927 923
E 923 2971
E 2971 2715
E 2715 2203
E 2971 2969
E 927 911
E 415 2463
E 416 1440
E 1440 1952
E 1952 928
E 928 800
E 1440 1504
E 416 448
E 448 444
E 444 956
E 956 954
E 954 953
E 953 921
E 921 793
E 793 777
E 777 2825
E 953 955
E 954 1018
E 1018 506
E 506 474
E 474 473
E 473 465
E 465 469
E 506 2554
E 2554 3066
E 954 3002
E 3002 2970
E 2970 2954
E 2954 2826
E 2826 3850
E 3850 3852
E 3852 3596
E 956 1980
E 1980 1984
E 152 2200
E 2200 2196
E 2196 2260
E 2260 2772
E 2772 2804
E 2804 2808
E 2808 2806
E 152 184
E 151 2199
E 2199 2263
E 2263 215
E 215 87
E 87 1111
E 1111 3159
E 3159 3167
E 3167 3679
E 2263 2135
E 2135 2133
E 2133 2134
E 151 135
E 135 131
E 131 1155
E 1155 1027
E 1027 3075
E 1155 1187
E 1187 1251
E 1251 1249
E 1249 1250
E 1250 1254
E 1254 1766
E 1766 2022
E 1254 1222
E 1222 1734
E 1249 1761
E 1761 1777
E 1777 1778
E 1778 2034
E 1777 1785
E 1785 2041
E 2041 4089
E 4089 4090
E 1777 1779
E 143 399
E 399 391
E 391 387
E 387 388
E 388 386
E 386 450
E 450 962
E 962 706
E 706 708
E 708 2756
E 2756 2692
E 2692 2180
E 2180 2179
E 2179 2243
E 2243 2241
E 2241 2242
E 2242 2246
E 2246 2254
E 2254 2250
E 2246 2502
E 2502 454
E 2179 2177
E 2177 2193
E 2193 2449
E 2449 2451
E 2451 2455
E 2455 2453
E 2453 2197
E 2455 3479
E 3479 3511
E 2177 2185
E 2185 3209
E 3209 3721
E 3721 3737
E 3737 3801
E 3801 3805
E 3805 3789
E 3789 3277
E 3277 3269
E 3269 3265
E 3269 3270
E 3277 3278
E 3278 3310
E 3805 4061
E 3721 3725
E 3209 3241
E 3241 3497
E 3497 3498
E 3498 3466
E 3466 3470
E 3470 3534
E 3534 3530
E 3530 3402
E 2179 2183
E 2180 2244
E 2244 3268
E 3268 3300
E 3300 1252
E 1252 228
E 228 196
E 196 1220
E 1220 1218
E 1218 1154
E 1154 1410
E 1220 1224
E 1224 3272
E 3272 3271
E 3271 3267
E 3267 1219
E 228 740
E 740 739
E 739 675
E 739 707
E 740 2788
E 228 2276
E 2276 2284
E 2284 2283
E 2283 2155
E 2155 2159
E 1252 1764
E 1764 3812
E 3812 3748
E 2244 2248
E 2248 2256
E 2256 3280
E 3280 3276
E 3276 3275
E 3275 3307
E 3280 3536
E 3536 1488
E 2256 2192
E 2192 2224
E 2224 2288
E 2288 2800
E 2800 2768
E 2768 3792
E 2800 3824
E 3824 3696
E 3696 3184
E 3184 3440
E 3696 3632
E 3632 3628
E 3628 3116
E 3116 3114
E 3632 3888
E 3888 3904
E 3904 3902
E 2244 2252
E 2692 2696
E 2696 3720
E 3720 3784
E 3784 3782
E 3782 3778
E 3720 1672
E 1672 648
E 708 712
E 712 200
E 200 216
E 216 728
E 728 727
E 727 711
E 711 967
E 967 455
E 727 983
E 983 471
E 471 472
E 472 2520
E 727 1751
E 1751 3799
E 3799 3800
E 3800 4056
E 4056 3992
E 728 984
E 216 212
E 706 710
E 710 742
E 450 452
E 452 460
E 460 396
E 396 412
E 396 395
E 387 2435
E 2435 2499
E 2499 2507
E 2507 2539
E 2539 3051
E 3051 3019
E 3019 2763
E 2539 2411
E 2411 2923
E 2923 2939
E 2939 2683
E 2923 875
E 875 1003
E 391 389
E 389 2437
E 2437 2501
E 2501 3013
E 3013 3009
E 3009 2881
E 2881 2883
E 2883 2627
E 2627 2628
E 2628 3652
E 3652 3684
E 2628 2884
E 2881 2913
E 3009 3011
E 3011 3043
E 2501 3525
E 3525 3526
E 3526 3542
E 3542 3541
E 3541 4053
E 2437 2949
E 459 971
E 971 972
E 972 3020
E 3020 3052
E 3052 2540
E 2540 2556
E 2556 3580
E 3580 4092
E 4092 3068
E 1518 2030
E 2030 2046
E 2046 2038
E 2038 1014
E 1014 1022
E 1022 766
E 766 734
E 1022 894
E 894 1918
E 1918 1914
E 1914 1402
E 1914 1898
E 2038 1910
E 1910 1654
E 1654 1650
E 1650 3698
E 2038 1974
E 1974 1973
E 462 2510
E 478 477
E 477 413
E 478 990
E 990 989
E 989 925
E 925 2973
E 2973 3005
E 3005 3069
E 3069 3065
E 3065 2553
E 990 992
E 992 480
E 480 352
E 352 336
E 336 328
E 352 344
E 344 2392
E 2392 2400
E 2400 2384
E 2384 2896
E 2896 2928
E 2928 2920
E 2920 3048
E 2896 2892
E 2392 2424
E 2424 2422
E 2422 2550
E 2550 3062
E 3062 3064
E 3064 4088
E 3062 3070
E 3070 3072
E 3072 3071
E 2550 2549
E 218 1242
E 1242 1114
E 1114 1050
E 1050 1562
E 1562 1546
E 1546 1548
E 1548 1552
E 1546 1538
E 1050 1049
E 1049 1053
E 1053 1055
E 1055 1311
E 1114 1370
E 1370 1498
E 1498 1490
E 1490 1489
E 1489 1491
E 1491 2003
E 2003 1747
E 1747 723
E 250 254
E 254 126
E 126 110
E 110 366
E 366 362
E 254 253
E 253 765
E 765 637
E 637 893
E 765 761
E 74 586
E 586 590
E 590 582
E 582 518
E 518 646
E 646 2694
E 2694 3718
E 646 645
E 645 647
E 647 519
E 519 1543
E 1543 1607
E 1607 1608
E 1608 1544
E 1544 3592
E 3592 3080
E 3592 3848
E 1544 520
E 520 2568
E 2568 2824
E 2824 2823
E 2823 2855
E 2855 3879
E 1608 1624
E 1624 1656
E 1656 1592
E 1592 3640
E 3640 3648
E 3648 3136
E 1624 600
E 1607 1623
E 1623 1621
E 519 517
E 517 513
E 513 769
E 769 785
E 513 545
E 518 2566
E 582 838
E 838 854
E 854 2902
E 2902 2901
E 2901 3029
E 3029 3037
E 3037 3033
E 2902 2838
E 854 886
E 838 2886
E 2886 3910
E 590 606
E 606 94
E 94 350
E 350 286
E 286 2334
E 2334 3358
E 3358 3357
E 3357 3101
E 3358 3486
E 3486 3518
E 286 278
E 278 280
E 350 349
E 349 341
E 341 2389
E 2389 2391
E 2391 2375
E 2375 2311
E 2311 263
E 263 327
E 327 71
E 71 1095
E 1095 1103
E 327 323
E 323 451
E 451 1475
E 1475 1483
E 1483 1355
E 1355 1099
E 1099 1611
E 1611 1609
E 1609 1865
E 1865 3913
E 3913 4041
E 4041 3529
E 3529 3465
E 1865 1857
E 1611 1603
E 1603 1539
E 1539 1555
E 1099 3147
E 3147 2123
E 2123 2127
E 2127 2143
E 2143 2079
E 2079 2111
E 2111 2103
E 2103 3127
E 3127 3123
E 3147 3163
E 1355 3403
E 3403 3531
E 3531 3547
E 3547 3579
E 3579 3323
E 3323 3315
E 3315 3319
E 3319 2295
E 2295 2167
E 2167 2175
E 2175 2176
E 2176 2688
E 2688 2624
E 2624 2880
E 2176 2168
E 3319 3320
E 3320 3288
E 3288 3160
E 3160 3192
E 3288 3296
E 3296 3328
E 3328 3312
E 3312 3311
E 3311 3247
E 3247 3215
E 3328 3584
E 3584 1536
E 1536 512
E 512 510
E 3584 2560
E 2560 2432
E 3547 3539
E 3403 3915
E 3915 4043
E 323 355
E 355 359
E 359 357
E 357 365
E 365 877
E 877 879
E 355 371
E 371 2419
E 2419 2547
E 2547 3059
E 3059 3060
E 3060 3058
E 3058 2994
E 2994 2482
E 2482 3506
E 3506 3570
E 3060 2932
E 2932 2940
E 2940 2944
E 2391 2387
E 2387 2515
E 94 1118
E 1118 1374
E 1374 1310
E 606 1630
E 1630 1662
E 590 718
E 718 974
E 974 966
E 966 902
E 902 774
E 774 776
E 776 904
E 904 920
E 920 919
E 902 918
E 966 965
E 965 709
E 709 2757
E 966 998
E 998 934
E 934 930
E 74 1098
E 1098 1100
E 1100 76
E 76 108
E 1098 3146
E 3146 3148
E 1098 1226
E 65 193
E 193 209
E 209 211
E 211 467
E 467 979
E 979 977
E 977 721
E 721 725
E 725 757
E 757 758
E 758 726
E 726 1750
E 1750 1746
E 1746 1754
E 1754 1738
E 1738 1740
E 1740 1756
E 1756 2012
E 1738 1770
E 1754 1626
E 1746 1745
E 1750 1752
E 193 225
E 225 97
E 97 98
E 98 226
