Cost 739
Edges 517
E 9 3
E 3 1
E 1 2
E 2 5
E 5 14
E 14 41
E 41 284
E 284 365
E 41 122
E 41 203
E 14 68
E 68 230
E 230 473
E 473 1202
E 68 554
E 14 95
E 95 104
E 104 131
E 131 212
E 212 455
E 455 1913
E 104 347
E 347 1076
E 95 581
E 581 1310
E 14 176
E 176 662
E 662 2120
E 14 1472
E 5 32
E 32 194
E 194 680
E 32 275
E 275 1004
E 32 518
E 518 1976
E 32 50
E 5 59
E 59 77
E 77 158
E 158 644
E 644 2102
E 77 239
E 239 482
E 239 968
E 77 563
E 563 1292
E 59 140
E 140 383
E 383 1841
E 59 221
E 221 950
E 59 788
E 5 167
E 167 653
E 5 491
E 491 1949
E 5 23
E 5 86
E 2 8
E 8 17
E 17 71
E 71 152
E 152 881
E 71 233
E 233 719
E 719 1448
E 71 314
E 314 1772
E 17 98
E 98 125
E 125 206
E 98 341
E 341 1799
E 17 260
E 260 287
E 287 449
E 449 692
E 260 989
E 17 44
E 8 26
E 26 53
E 53 134
E 134 377
E 377 1106
E 134 620
E 620 1349
E 134 863
E 26 80
E 80 323
E 323 1781
E 80 809
E 809 890
E 80 161
E 26 188
E 188 431
E 188 1646
E 26 512
E 512 1970
E 8 35
E 35 116
E 116 1574
E 35 197
E 197 440
E 440 1169
E 35 278
E 278 1007
E 8 62
E 62 224
E 224 710
E 710 2168
E 62 305
E 62 1520
E 8 89
E 89 575
E 8 170
E 170 899
E 8 494
E 2 11
E 11 38
E 38 119
E 119 605
E 605 2063
E 38 200
E 200 1658
E 38 524
E 524 1253
E 524 1982
E 11 65
E 65 146
E 146 389
E 65 227
E 227 470
E 470 1199
E 11 92
E 92 335
E 11 173
E 173 416
E 11 740
E 2 20
E 20 47
E 47 128
E 128 371
E 371 1829
E 128 614
E 47 209
E 209 938
E 938 1424
E 209 695
E 20 74
E 74 317
E 74 1532
E 20 101
E 101 1559
E 20 182
E 182 668
E 668 1397
E 2 56
E 56 137
E 137 380
E 380 1109
E 137 623
E 623 1352
E 56 299
E 299 461
E 461 704
E 704 2162
E 56 218
E 2 83
E 83 110
E 110 839
E 2 164
E 164 407
E 407 1865
E 2 245
E 245 1703
E 2 29
E 1 4
E 4 13
E 13 40
E 40 202
E 202 688
E 40 283
E 283 1741
E 40 769
E 13 67
E 67 148
E 148 877
E 67 229
E 229 1687
E 13 94
E 94 337
E 337 1795
E 13 256
E 4 22
E 22 49
E 49 211
E 211 454
E 454 1183
E 49 778
E 778 859
E 859 1588
E 49 130
E 22 103
E 103 157
E 157 400
E 103 589
E 22 184
E 184 427
E 427 1156
E 22 265
E 265 319
E 319 1048
E 22 508
E 508 1966
E 22 76
E 4 31
E 31 112
E 112 598
E 598 1327
E 31 274
E 274 436
E 436 679
E 679 2137
E 31 193
E 4 58
E 58 220
E 220 706
E 706 1435
E 58 544
E 544 2002
E 4 166
E 166 1624
E 4 247
E 1 7
E 7 16
E 16 43
E 43 124
E 124 367
E 367 1096
E 124 610
E 610 2068
E 16 70
E 70 151
E 151 637
E 637 2095
E 70 232
E 232 475
E 70 556
E 556 1285
E 16 178
E 178 664
E 664 1393
E 16 97
E 16 1474
E 7 25
E 25 52
E 52 214
E 214 700
E 700 2158
E 52 295
E 52 538
E 25 79
E 79 241
E 241 727
E 79 1537
E 25 106
E 106 349
E 349 1807
E 25 187
E 187 430
E 430 1888
E 25 754
E 7 34
E 34 196
E 196 925
E 34 277
E 277 1735
E 34 520
E 7 61
E 61 223
E 223 952
E 61 304
E 304 385
E 385 1114
E 61 142
E 7 88
E 88 331
E 331 1060
E 7 169
E 169 655
E 7 250
E 250 1708
E 1 10
E 10 37
E 37 118
E 118 361
E 361 1090
E 37 199
E 199 1657
E 37 523
E 523 1252
E 10 91
E 91 145
E 145 631
E 10 172
E 172 658
E 658 2116
E 172 901
E 10 253
E 253 307
E 307 1765
E 10 64
E 10 496
E 1 19
E 19 46
E 46 1504
E 19 73
E 73 154
E 154 640
E 640 1369
E 154 883
E 73 235
E 235 478
E 478 1936
E 19 262
E 262 991
E 19 181
E 1 28
E 28 109
E 109 838
E 838 1081
E 109 352
E 28 190
E 190 433
E 1 55
E 55 136
E 136 1594
E 55 217
E 217 460
E 460 1918
E 55 541
E 1 82
E 82 568
E 568 2026
E 82 1540
E 1 487
E 487 1216
E 1 730
E 3 6
E 6 15
E 15 42
E 42 204
E 204 690
E 690 1419
E 42 285
E 15 69
E 69 150
E 150 393
E 393 1122
E 150 1608
E 69 312
E 312 1770
E 15 96
E 96 339
E 339 1797
E 96 582
E 582 2040
E 15 501
E 501 1230
E 15 744
E 744 906
E 15 177
E 6 24
E 24 51
E 51 213
E 213 456
E 51 537
E 537 1266
E 24 105
E 105 159
E 159 240
E 240 726
E 726 2184
E 159 402
E 402 1131
E 105 834
E 24 267
E 267 1725
E 24 78
E 6 33
E 33 114
E 114 357
E 357 1815
E 114 600
E 33 195
E 195 1653
E 33 1491
E 6 60
E 60 141
E 141 627
E 60 222
E 222 465
E 6 87
E 87 816
E 6 168
E 168 411
E 411 1140
E 168 654
E 3 12
E 12 18
E 18 27
E 27 54
E 54 135
E 135 621
E 621 2079
E 54 216
E 54 1512
E 27 81
E 81 243
E 243 486
E 486 1215
E 81 567
E 27 108
E 108 594
E 594 1323
E 108 1566
E 27 189
E 189 675
E 675 1404
E 18 45
E 45 126
E 126 855
E 45 207
E 207 450
E 450 1908
E 45 531
E 531 1989
E 18 72
E 72 153
E 153 639
E 72 234
E 234 1692
E 72 801
E 18 747
E 747 990
E 18 261
E 12 39
E 39 201
E 201 444
E 444 1902
E 39 120
E 39 282
E 12 66
E 66 147
E 147 1605
E 66 228
E 228 957
E 957 1443
E 228 714
E 12 93
E 93 579
E 579 1308
E 12 1470
E 3 21
E 21 48
E 48 129
E 129 615
E 615 2073
E 48 210
E 210 939
E 48 291
E 291 1020
E 48 777
E 21 75
E 75 156
E 156 399
E 75 561
E 561 2019
E 21 102
E 102 345
E 21 183
E 183 1641
E 21 507
E 3 30
E 30 36
E 36 63
E 63 144
E 144 387
E 387 1845
E 63 549
E 549 1278
E 36 117
E 117 360
E 117 846
E 30 192
E 192 678
E 678 1407
E 30 516
E 516 1974
E 3 57
E 57 138
E 138 1596
E 57 300
E 300 1029
E 57 219
E 3 84
E 84 90
E 90 171
E 171 900
E 900 1386
E 1386 2115
E 171 657
E 84 327
E 3 165
E 165 408
E 408 1137
