Cost 334770
Edges 3330
E 1 33
E 33 2081
E 2081 2593
E 2593 2721
E 2721 2689
E 2689 2753
E 2753 3009
E 3009 3025
E 3025 3029
E 3029 4053
E 3029 2901
E 2901 3925
E 3925 3669
E 3925 3927
E 3025 3026
E 3026 3034
E 3009 3017
E 2753 2761
E 2761 2793
E 2689 2691
E 2691 2692
E 2692 3716
E 2692 2756
E 2689 2690
E 2690 2722
E 2722 2210
E 2690 2698
E 2698 2762
E 2762 2634
E 2634 2636
E 2634 2650
E 2689 2177
E 2081 2337
E 2337 2345
E 2345 2349
E 2349 2413
E 2413 2541
E 2541 2537
E 2349 3373
E 3373 3117
E 3117 3181
E 2349 2861
E 33 97
E 97 101
E 101 102
E 102 98
E 98 114
E 114 242
E 242 250
E 250 2298
E 2298 2282
E 242 498
E 98 106
E 106 1130
E 1130 1386
E 1386 1898
E 1898 1866
E 1866 1354
E 1354 1356
E 1356 1372
E 1372 1404
E 1866 1802
E 1802 1794
E 1794 1282
E 1282 1410
E 1410 1412
E 1412 1428
E 1410 1922
E 1922 1954
E 1282 1346
E 1794 3842
E 3842 3330
E 1802 1930
E 1930 1418
E 1418 3466
E 3466 2442
E 2442 2458
E 2442 2954
E 3466 3470
E 3470 3214
E 3470 3469
E 3469 1421
E 1421 397
E 1421 1165
E 1165 1157
E 1157 1669
E 1669 1685
E 1685 1557
E 1557 1813
E 1813 3861
E 3861 3893
E 3893 1845
E 1845 1589
E 1589 3637
E 3637 3765
E 3765 3761
E 3637 2613
E 2613 2581
E 1589 1597
E 1597 1085
E 1085 1086
E 1597 1598
E 1598 1594
E 1845 1829
E 1829 1831
E 1831 1847
E 1847 1855
E 1813 1301
E 1301 1365
E 1365 1366
E 1365 1493
E 1493 1495
E 1495 1431
E 1495 1479
E 1301 1302
E 1302 1046
E 1301 1333
E 1333 3381
E 1333 1341
E 1685 3733
E 1157 1189
E 1189 3237
E 3237 3239
E 3239 2215
E 2215 2279
E 1165 1197
E 1197 3245
E 1197 1709
E 1709 1581
E 1581 1573
E 1573 1701
E 1701 3749
E 1581 3629
E 1709 1965
E 1965 1837
E 1837 1805
E 1805 1797
E 1805 1821
E 1965 1957
E 1957 1959
E 1959 1447
E 1959 2023
E 2023 2019
E 2019 4067
E 4067 3043
E 3043 2531
E 2531 3555
E 3555 3553
E 3553 3489
E 3489 3457
E 3553 4065
E 4065 4081
E 4065 3937
E 3553 1505
E 1505 1509
E 3555 3427
E 3427 3395
E 3395 3907
E 3043 3011
E 2019 2035
E 1965 4013
E 1709 1710
E 1710 686
E 1709 3757
E 3757 3758
E 1197 1453
E 1453 1455
E 1455 1519
E 1197 1198
E 1165 1166
E 1166 1678
E 1165 141
E 141 143
E 143 175
E 175 47
E 47 559
E 559 687
E 687 2735
E 2735 2727
E 687 1711
E 1711 1967
E 1967 1963
E 1963 939
E 1963 4011
E 559 527
E 175 167
E 167 163
E 163 2211
E 2211 3235
E 3235 3747
E 167 679
E 679 551
E 551 1575
E 1575 3623
E 167 168
E 168 2216
E 2216 2212
E 2212 2468
E 2468 2484
E 2484 2996
E 2996 3004
E 3004 3068
E 3004 956
E 956 940
E 940 812
E 940 2988
E 2988 4012
E 4012 3500
E 3500 3564
E 3564 3556
E 4012 4010
E 2212 2220
E 2216 2184
E 2184 2440
E 2440 2952
E 2952 2968
E 175 173
E 173 45
E 45 41
E 41 105
E 105 73
E 73 2121
E 2121 2122
E 73 329
E 329 2377
E 105 233
E 233 225
E 225 193
E 233 489
E 489 490
E 490 1514
E 1514 3562
E 105 617
E 105 107
E 107 123
E 123 379
E 123 127
E 127 383
E 383 1407
E 383 895
E 895 1919
E 1919 1911
E 383 511
E 383 384
E 384 352
E 352 288
E 288 416
E 416 415
E 415 479
E 479 991
E 991 975
E 975 967
E 967 455
E 455 391
E 391 423
E 423 439
E 455 487
E 487 485
E 485 486
E 486 998
E 998 742
E 485 501
E 455 471
E 967 1991
E 1991 4039
E 4039 3975
E 3975 3983
E 967 968
E 968 840
E 840 872
E 872 1000
E 975 971
E 975 3023
E 991 989
E 989 990
E 990 862
E 862 854
E 854 2902
E 2902 2838
E 862 2910
E 991 2015
E 2015 1887
E 1887 1871
E 1871 1615
E 2015 2016
E 2015 1951
E 2015 1999
E 1999 2000
E 2000 1488
E 2015 4063
E 4063 3039
E 3039 2527
E 288 320
E 320 304
E 304 48
E 48 44
E 44 556
E 556 554
E 554 570
E 570 574
E 574 558
E 558 557
E 557 2605
E 2605 2669
E 2669 2665
E 2665 2921
E 2669 3693
E 3693 3949
E 2669 2925
E 2925 2941
E 2941 2685
E 2685 2653
E 2605 2607
E 2607 2671
E 2671 2927
E 557 549
E 549 550
E 558 622
E 622 614
E 614 1638
E 614 610
E 622 638
E 638 894
E 894 382
E 382 1406
E 558 2606
E 574 702
E 702 698
E 698 666
E 666 658
E 702 958
E 958 3006
E 3006 3005
E 3005 2493
E 2493 2489
E 2489 3001
E 3001 2745
E 2745 2729
E 2729 2730
E 2730 3754
E 3754 3722
E 2745 2747
E 2747 3771
E 2489 2490
E 2490 3514
E 2490 2234
E 3005 2989
E 2989 2991
E 3005 2997
E 2997 2869
E 2869 2357
E 2357 2358
E 2997 2999
E 702 1726
E 556 560
E 560 624
E 624 616
E 44 300
E 300 364
E 48 46
E 46 38
E 38 1062
E 1062 1030
E 1030 1286
E 1286 262
E 262 326
E 326 342
E 342 350
E 342 2390
E 2390 2518
E 2518 3542
E 326 2374
E 2374 2502
E 2502 2438
E 2438 2950
E 2950 3974
E 3974 3462
E 3974 3976
E 3976 3972
E 3972 4036
E 3972 2948
E 2374 2382
E 48 176
E 304 816
E 816 2864
E 2864 3888
E 3888 1840
E 1840 1839
E 1839 1583
E 320 1344
E 320 832
E 832 2880
E 2880 2944
E 2944 2432
E 2432 2416
E 2416 2544
E 2544 2512
E 2432 2430
E 320 448
E 320 312
E 312 311
E 311 309
E 312 376
E 376 2424
E 2424 2168
E 2168 3192
E 3192 1144
E 1144 1143
E 1144 1656
E 1144 120
E 2424 2422
E 2422 2421
E 2421 3445
E 3445 3441
E 3441 3449
E 3449 2425
E 3441 3442
E 3442 3378
E 3378 3506
E 3506 3250
E 3250 3258
E 3258 3257
E 3257 2233
E 2233 2225
E 3258 3770
E 3506 3474
E 3474 3473
E 3473 3217
E 3217 3729
E 3729 1681
E 3473 3537
E 3473 3477
E 3473 3345
E 3442 3186
E 3442 3410
E 3410 3394
E 3394 3906
E 3441 2417
E 2417 2545
E 2417 2929
E 3441 3185
E 3185 1137
E 1137 1141
E 1141 1077
E 1141 1653
E 3445 3447
E 2422 374
E 2424 2552
E 2552 2488
E 2552 2536
E 2536 3048
E 3048 3016
E 3016 2760
E 2760 2776
E 2552 2550
E 352 864
E 864 860
E 860 604
E 860 1884
E 1884 1876
E 1876 1620
E 1620 1618
E 1618 1626
E 1876 1875
E 1884 3932
E 3932 3930
E 3930 3922
E 3922 3666
E 860 988
E 384 368
E 368 1392
E 127 95
E 95 96
E 96 2144
E 2144 2140
E 2140 2076
E 2076 2068
E 2068 3092
E 3092 3604
E 3604 2580
E 2580 2564
E 2564 516
E 516 772
E 772 776
E 776 774
E 2564 2820
E 2820 2818
E 2820 3844
E 3844 1796
E 1796 1284
E 1796 1812
E 2820 2828
E 2580 2579
E 2579 2587
E 2587 2571
E 2580 2644
E 2644 2628
E 2628 580
E 580 68
E 68 2116
E 580 579
E 579 515
E 515 643
E 643 651
E 643 644
E 643 131
E 131 139
E 139 395
E 395 2443
E 2443 3467
E 3467 3471
E 3471 3535
E 3535 3531
E 3531 3547
E 3547 4059
E 4059 4051
E 4059 4091
E 2443 2955
E 2443 2475
E 2475 3499
E 3499 3491
E 3499 1451
E 2475 427
E 427 491
E 139 137
E 139 2187
E 2187 2179
E 2179 2195
E 139 155
E 155 667
E 667 2715
E 131 1155
E 1155 3203
E 1155 1411
E 131 132
E 132 388
E 132 196
E 515 547
E 547 2595
E 547 1571
E 1571 1059
E 1059 1123
E 1123 1127
E 1127 1063
E 1127 1255
E 1255 1767
E 1767 1763
E 1763 1635
E 1635 1891
E 1891 1859
E 1859 1795
E 1767 1765
E 1255 1256
E 1256 1264
E 1264 1200
E 1200 1199
E 1200 1456
E 1256 232
E 1256 1512
E 515 531
E 531 1555
E 1555 1563
E 1563 1561
E 1561 1562
E 1562 1554
E 1554 1558
E 1558 1814
E 1562 1690
E 1690 1722
E 1722 1714
E 1722 1724
E 1724 1596
E 1596 1660
E 1660 3708
E 3708 3700
E 3708 3836
E 3836 3820
E 3820 3308
E 3308 3180
E 3180 3436
E 3436 3372
E 3372 1324
E 3372 3376
E 3436 3434
E 3434 3426
E 3180 3184
E 3184 3176
E 3176 3175
E 3175 3143
E 3143 3271
E 3271 3279
E 3279 1231
E 3279 3215
E 3176 3304
E 3304 3302
E 3302 3301
E 3302 3310
E 3310 3306
E 3306 3274
E 3306 3818
E 3818 3817
E 3817 3753
E 3184 3696
E 3696 3664
E 3180 3178
E 3308 3244
E 3244 3243
E 3243 3307
E 3307 3563
E 3307 3311
E 3820 4076
E 1562 1564
E 1561 1817
E 1817 1818
E 1563 1819
E 1819 795
E 795 787
E 787 785
E 785 529
E 785 2833
E 785 786
E 795 283
E 283 2331
E 2331 3355
E 2331 2363
E 2363 2367
E 2367 2111
E 2367 2879
E 2879 2875
E 2875 2859
E 795 2843
E 795 859
E 1819 1820
E 1820 1948
E 1819 1811
E 1811 1843
E 1843 3891
E 3891 3379
E 1563 1595
E 1595 1083
E 1083 1067
E 1595 1599
E 1599 1591
E 1591 1719
E 1719 3767
E 3767 3768
E 3768 3256
E 3256 2232
E 2232 2200
E 3768 3640
E 3640 2616
E 2616 2600
E 3768 3776
E 3776 3760
E 3760 3632
E 3632 3628
E 3628 3116
E 1719 1720
E 1599 1727
E 531 659
E 659 723
E 723 2771
E 531 539
E 531 535
E 535 533
E 533 661
E 661 917
E 917 405
E 405 389
E 389 261
E 405 1429
E 1429 1461
E 1461 3509
E 3509 4021
E 3509 3510
E 3510 3254
E 3254 3262
E 3262 3518
E 3518 3517
E 3517 3513
E 3513 4025
E 3518 3520
E 3520 3584
E 3584 3568
E 3509 3253
E 405 407
E 407 919
E 917 913
E 913 897
E 897 929
E 929 930
E 930 994
E 930 2978
E 897 641
E 897 899
E 917 981
E 981 725
E 725 2773
E 2773 2645
E 2645 2677
E 533 541
E 541 1565
E 1565 1053
E 1053 29
E 29 30
E 30 2078
E 2078 2110
E 2078 2080
E 1565 1567
E 1567 1631
E 1631 3679
E 3679 3935
E 3935 3423
E 3423 3455
E 3455 3391
E 3391 3375
E 3375 3343
E 3455 3451
E 3423 3424
E 3424 3416
E 3416 3544
E 3544 3552
E 3424 3420
E 3935 3919
E 3679 2655
E 2655 2687
E 2687 2815
E 2815 3071
E 3071 2943
E 2943 3967
E 579 2627
E 579 611
E 580 578
E 578 706
E 706 1730
E 1730 1729
E 578 1602
E 1602 1601
E 1601 1857
E 1857 1345
E 1345 1361
E 1361 1489
E 1489 2001
E 1345 1347
E 1345 1089
E 1089 1091
E 1091 1603
E 1603 1619
E 1619 1107
E 1107 1115
E 1115 1371
E 1115 3163
E 1603 1604
E 1604 1732
E 1857 1793
E 1793 1281
E 1281 257
E 257 385
E 385 2433
E 2433 2434
E 385 129
E 129 1153
E 1153 1169
E 1169 1233
E 1233 209
E 209 465
E 465 467
E 467 403
E 403 401
E 401 433
E 433 945
E 945 2993
E 945 1969
E 1969 1953
E 1953 1825
E 1953 4001
E 4001 3873
E 3873 3361
E 403 2451
E 2451 2323
E 2323 2321
E 2321 2065
E 2065 2073
E 2073 2137
E 2137 2265
E 2265 2266
E 2073 2057
E 2057 2185
E 2185 2697
E 2697 2713
E 2713 3737
E 2713 2969
E 2185 2249
E 2249 201
E 201 1225
E 201 217
E 217 729
E 729 601
E 2185 2441
E 2441 2313
E 2313 3337
E 2321 2329
E 2329 2330
E 2330 282
E 2451 2449
E 2449 2481
E 2481 3505
E 3505 3377
E 3377 1329
E 2481 2353
E 2451 2515
E 2515 3027
E 3027 979
E 979 977
E 977 985
E 977 978
E 978 914
E 914 922
E 922 1946
E 1946 3994
E 922 986
E 986 730
E 730 602
E 602 90
E 90 26
E 26 154
E 26 1050
E 1050 1082
E 1082 1066
E 1050 1114
E 1114 1116
E 1116 1120
E 1120 1152
E 1120 1632
E 1120 3168
E 1114 1242
E 90 74
E 74 586
E 586 714
E 714 746
E 74 78
E 78 1102
E 1102 1358
E 1358 3406
E 3406 3342
E 74 330
E 90 2138
E 2138 3162
E 3162 3146
E 3146 1098
E 3146 3138
E 3146 3658
E 3162 3674
E 3674 3610
E 2138 2142
E 2138 2074
E 2074 2066
E 2066 3090
E 2066 2130
E 2130 2114
E 2114 2050
E 2050 2562
E 2562 2626
E 2562 2578
E 2578 2577
E 2577 2705
E 2114 2118
E 2130 2129
E 2129 2131
E 2131 2115
E 2115 2243
E 2243 2244
E 2244 2276
E 2115 2123
E 2123 2155
E 2155 2153
E 2155 2159
E 2130 2162
E 2162 2290
E 2066 2098
E 2098 2097
E 2097 3121
E 3121 3129
E 3129 2105
E 2097 2101
E 2098 2082
E 2082 2338
E 2338 2306
E 2306 2370
E 2338 2466
E 2466 2474
E 2338 2402
E 2402 2406
E 2406 2405
E 2405 2149
E 2149 2157
E 2157 2158
E 2406 2414
E 2414 3438
E 2406 2534
E 2534 3046
E 2402 2914
E 986 474
E 914 918
E 918 2966
E 2966 2998
E 2998 3000
E 3000 4024
E 914 916
E 916 900
E 900 1924
E 979 983
E 983 2007
E 979 980
E 980 2004
E 2004 2036
E 2036 1972
E 467 475
E 467 451
E 451 452
E 452 324
E 465 2513
E 2513 2514
E 2513 2257
E 2513 2521
E 1169 1041
E 1041 1049
E 1049 3097
E 1049 1081
E 1041 1105
E 1105 1617
E 1169 1173
E 1281 3329
E 3329 3841
E 3841 3969
E 3969 3713
E 3713 1665
E 1665 1667
E 1665 1666
E 1666 1698
E 1698 1570
E 1698 1762
E 1762 1766
E 1766 2022
E 1762 1770
E 1770 1769
E 3969 3985
E 3985 2961
E 2961 2962
E 2961 2965
E 3329 3393
E 3329 2305
E 1857 1865
E 1865 1609
E 1602 1610
E 1610 1738
E 1738 1674
E 1674 1673
E 1674 1676
E 1738 1994
E 1994 1482
E 1610 1614
E 1602 3650
E 3650 3778
E 3778 3786
E 3786 4042
E 2628 2884
E 3092 3100
E 2068 2196
E 2196 2180
E 2076 2075
E 2140 2396
E 2396 2394
E 2394 2378
E 2378 2890
E 2890 3018
E 3018 3020
E 3020 2956
E 2956 2444
E 2378 3402
E 2378 2506
E 2396 2908
E 2908 2900
E 2900 2836
E 2836 2844
E 2844 2848
E 2848 2840
E 2840 2824
E 2824 2832
E 2832 3856
E 2840 3864
E 2900 3924
E 2900 2932
E 2144 2400
E 95 93
E 93 349
E 349 861
E 349 333
E 333 77
E 77 69
E 333 845
E 845 589
E 845 846
E 333 365
E 365 493
E 493 237
E 237 2285
E 237 238
E 238 110
E 110 109
E 110 126
E 126 118
E 118 86
E 118 2166
E 2166 2678
E 2678 2614
E 2614 2622
E 2622 3646
E 2678 2806
E 2806 3062
E 3062 3058
E 3058 3066
E 3066 3002
E 3002 2874
E 2874 2858
E 2874 2938
E 3062 3070
E 3070 3054
E 3054 3022
E 3022 3024
E 3024 976
E 3022 4046
E 4046 4062
E 2678 2686
E 2678 630
E 118 117
E 117 85
E 85 1109
E 1109 1110
E 1110 1142
E 1142 1270
E 1270 1266
E 1110 3158
E 1109 1237
E 1237 1221
E 85 87
E 87 83
E 83 91
E 87 1111
E 1111 1095
E 1095 1607
E 1607 1605
E 1605 1541
E 1541 517
E 517 525
E 525 2573
E 1605 1606
E 1606 1608
E 1608 1544
E 1544 1560
E 1544 1552
E 1544 3592
E 3592 3848
E 3848 3880
E 3592 2568
E 2568 2056
E 2056 2312
E 2312 2328
E 2056 2120
E 2120 2152
E 3592 3080
E 3080 3144
E 3144 3656
E 3656 3655
E 3655 3651
E 3651 3659
E 3656 3688
E 1606 1542
E 1605 1733
E 1733 3781
E 1607 1735
E 87 88
E 88 1112
E 88 24
E 24 8
E 8 520
E 8 40
E 40 552
E 552 1576
E 88 2136
E 2136 2648
E 2648 600
E 600 1624
E 1624 1622
E 1624 1623
E 1623 3671
E 3671 3799
E 2648 2680
E 2136 2264
E 2264 3288
E 2264 2520
E 2520 3032
E 3032 3028
E 3032 3040
E 3032 4056
E 126 254
E 254 222
E 222 218
E 218 220
E 220 212
E 212 244
E 244 500
E 500 508
E 508 507
E 507 499
E 499 1011
E 1011 3059
E 507 1019
E 212 216
E 218 202
E 254 766
E 766 765
E 765 253
E 253 245
E 245 1269
E 245 241
E 349 345
E 345 337
E 337 849
E 345 857
E 857 2905
E 349 351
E 351 2399
E 2399 2397
E 2399 2431
E 351 343
E 343 344
E 93 221
E 221 205
E 205 197
E 197 229
E 197 198
E 198 1222
E 1222 1218
E 1218 1217
E 1217 1473
E 1473 3521
E 3521 3265
E 3265 3281
E 3281 3793
E 3281 3282
E 3282 3794
E 3794 3798
E 3521 3523
E 3521 3522
E 3521 3529
E 1217 1219
E 1218 1234
E 1234 210
E 1218 3266
E 3266 2242
E 1222 1254
E 1222 3270
E 95 1119
E 1119 1055
E 1055 1183
E 127 255
E 255 251
E 251 243
E 243 179
E 179 183
E 183 55
E 55 56
E 56 52
E 52 2100
E 2100 2228
E 52 60
E 60 2108
E 2108 2092
E 2092 2060
E 2060 3084
E 3084 3148
E 3148 3276
E 3276 3275
E 3276 3788
E 3788 3787
E 3787 3779
E 3787 4043
E 2092 2096
E 2096 2095
E 2095 3119
E 3119 3115
E 3115 3131
E 3119 3247
E 3247 3263
E 3247 3248
E 3248 3312
E 3312 3328
E 2095 2351
E 2095 2223
E 2223 2239
E 2239 2495
E 2092 2348
E 2108 2107
E 2107 2099
E 2099 2103
E 2103 2231
E 2103 2087
E 2108 3132
E 3132 3130
E 3130 3122
E 3122 3124
E 3130 3386
E 3386 3354
E 3354 3346
E 3346 2322
E 3346 3350
E 3350 2326
E 2326 2070
E 2070 2054
E 2054 2053
E 2053 3077
E 3077 3109
E 3109 3105
E 3105 3617
E 3105 3233
E 3077 3093
E 3093 3157
E 3157 3285
E 3077 3079
E 2053 2565
E 2565 2566
E 2566 3590
E 3590 3718
E 3590 3606
E 3590 3598
E 2565 2567
E 2053 2085
E 2085 2597
E 2085 2086
E 2054 6
E 6 134
E 134 130
E 130 146
E 146 148
E 146 1170
E 146 402
E 402 386
E 386 450
E 450 2498
E 2498 3010
E 3010 2946
E 2946 2945
E 2946 3970
E 3970 3978
E 3978 3980
E 386 898
E 402 404
E 404 2452
E 2452 2456
E 2456 3480
E 404 408
E 408 406
E 406 438
E 438 437
E 437 445
E 445 447
E 447 319
E 406 1430
E 1430 1414
E 1414 1422
E 408 1432
E 1432 1944
E 134 133
E 133 149
E 149 151
E 151 23
E 23 2071
E 23 21
E 151 135
E 135 7
E 7 519
E 519 775
E 149 213
E 134 136
E 136 648
E 648 646
E 646 2694
E 2694 2693
E 646 654
E 654 142
E 142 138
E 138 170
E 170 682
E 682 681
E 170 1194
E 1194 1186
E 1186 162
E 162 418
E 162 166
E 1186 1442
E 1442 1506
E 1506 482
E 482 2530
E 2530 2274
E 2274 2273
E 2273 2281
E 2281 2297
E 482 484
E 1194 1210
E 1194 1706
E 1706 1578
E 1578 1580
E 1706 1962
E 1962 938
E 1962 1964
E 170 234
E 234 236
E 236 228
E 228 226
E 138 2186
E 142 398
E 398 390
E 654 526
E 654 910
E 646 1670
E 1670 1686
E 646 710
E 710 1734
E 710 966
E 966 962
E 962 1986
E 1986 1988
E 1988 1476
E 1476 1348
E 1348 1364
E 1476 3524
E 3524 3268
E 3268 3204
E 3204 3202
E 3202 1154
E 1154 1162
E 1162 1034
E 1034 1546
E 1034 1290
E 1290 1289
E 1289 1293
E 3204 3236
E 3236 3234
E 3234 3490
E 3234 3746
E 3746 3748
E 3748 4004
E 4004 4020
E 4020 4084
E 4020 3988
E 3234 3298
E 3298 3810
E 3810 3812
E 3298 3170
E 3170 2146
E 3524 3460
E 1988 1860
E 1860 1868
E 1868 1872
E 1872 3920
E 3920 3936
E 3920 2896
E 966 974
E 974 462
E 648 712
E 712 728
E 728 1752
E 1752 1688
E 1688 3736
E 712 720
E 720 592
E 592 608
E 608 736
E 608 2656
E 2656 2592
E 2592 2720
E 2720 2712
E 2712 664
E 664 920
E 920 904
E 2712 2708
E 2712 2696
E 2720 3744
E 3744 3740
E 3744 3808
E 3808 3296
E 3296 3232
E 2720 2976
E 2976 928
E 928 924
E 924 2972
E 2972 2716
E 2716 2700
E 924 923
E 2656 2640
E 2640 2632
E 2640 2768
E 592 80
E 80 2128
E 2128 2384
E 2384 336
E 2128 2256
E 2256 3280
E 80 72
E 72 200
E 200 2248
E 592 528
E 528 524
E 524 2572
E 2572 2588
E 2588 540
E 540 538
E 538 537
E 537 521
E 540 796
E 796 284
E 284 348
E 2588 3612
E 3612 3868
E 3868 3852
E 3852 3340
E 3340 3468
E 3468 3212
E 3212 3724
E 3724 3756
E 3756 1708
E 1708 684
E 3852 3596
E 3596 3660
E 3660 3652
E 3660 3916
E 3660 3692
E 3692 3684
E 3684 1636
E 524 588
E 588 844
E 844 2892
E 2892 2891
E 524 523
E 523 11
E 528 2576
E 720 718
E 718 2766
E 2766 2254
E 712 744
E 744 740
E 740 708
E 708 964
E 740 996
E 996 3044
E 996 2020
E 744 1768
E 648 680
E 680 1704
E 1704 1672
E 1704 1960
E 648 656
E 134 1158
E 134 150
E 2054 2310
E 2070 2072
E 2072 2104
E 3350 3862
E 3862 3894
E 3862 3846
E 3354 3358
E 3358 2334
E 3358 3102
E 3102 1054
E 1054 1118
E 3386 3385
E 3385 3387
E 3387 3899
E 3899 3900
E 3900 2876
E 2876 2940
E 2940 892
E 3132 3136
E 3132 3644
E 3644 2620
E 2620 2748
E 2108 2364
E 2364 2332
E 2364 2368
E 52 180
E 180 184
E 184 248
E 248 2296
E 248 760
E 760 759
E 759 2807
E 180 164
E 164 172
E 172 171
E 171 1195
E 1195 1707
E 1707 1723
E 1723 1721
E 1721 3769
E 3769 3833
E 1195 1211
E 1211 1203
E 1203 3251
E 3251 3259
E 3259 3260
E 3251 3252
E 3252 3220
E 3252 3316
E 1195 1196
E 171 683
E 683 675
E 675 931
E 931 419
E 56 64
E 64 192
E 192 190
E 190 62
E 62 61
E 190 189
E 189 181
E 181 1205
E 1205 1717
E 181 182
E 182 2230
E 190 446
E 446 510
E 510 502
E 502 246
E 510 512
E 512 2560
E 512 256
E 192 704
E 704 576
E 576 640
E 640 639
E 639 637
E 704 2752
E 2752 2750
E 2750 2749
E 2749 2813
E 704 768
E 768 2816
E 56 1080
E 1080 1592
E 1592 568
E 568 536
E 536 534
E 536 544
E 544 1568
E 1568 3616
E 536 532
E 568 564
E 564 572
E 55 63
E 63 31
E 31 27
E 27 28
E 28 12
E 12 10
E 10 14
E 14 270
E 270 1294
E 1294 1310
E 270 302
E 302 298
E 298 42
E 42 58
E 298 362
E 362 378
E 378 370
E 370 354
E 354 358
E 358 357
E 357 1381
E 1381 1317
E 1381 1377
E 1377 1121
E 1121 1125
E 1125 1637
E 1637 1639
E 1637 613
E 613 2661
E 2661 2657
E 2661 2662
E 1381 1893
E 1893 1901
E 1901 1897
E 1901 2029
E 1901 1917
E 1917 1918
E 1918 1662
E 1918 1886
E 1918 2046
E 1901 1902
E 1381 1383
E 378 890
E 890 874
E 362 2410
E 302 430
E 302 366
E 302 814
E 814 2862
E 2862 2990
E 302 318
E 12 1036
E 1036 1052
E 1052 1056
E 1056 1184
E 1184 1440
E 12 76
E 76 75
E 75 67
E 67 323
E 323 2371
E 323 259
E 259 267
E 267 265
E 265 777
E 777 1801
E 1801 1929
E 1929 3977
E 1929 1417
E 1417 1433
E 1433 1434
E 1929 1921
E 1921 1985
E 1985 1993
E 777 769
E 265 297
E 297 301
E 267 1291
E 1291 1323
E 1323 3371
E 3371 3369
E 3369 3497
E 3497 4009
E 4009 1961
E 3497 3561
E 3561 3305
E 3369 3433
E 1323 299
E 299 2347
E 2347 2091
E 2091 2219
E 2219 2217
E 2219 2235
E 2235 2299
E 2299 2283
E 2219 2731
E 2731 2795
E 2795 2811
E 2731 2732
E 2732 2796
E 267 779
E 259 3
E 3 4
E 323 835
E 323 327
E 327 359
E 359 360
E 360 1384
E 1384 3432
E 360 356
E 356 355
E 355 371
E 371 339
E 339 1363
E 1363 3411
E 3411 3539
E 3539 3475
E 339 851
E 851 2899
E 356 868
E 868 612
E 612 548
E 548 36
E 36 34
E 34 1058
E 1058 1314
E 1314 1378
E 1378 1382
E 1382 1126
E 1126 1094
E 1314 1330
E 1330 1338
E 1338 1322
E 1322 1326
E 1326 1325
E 1325 1321
E 1325 1327
E 1338 1340
E 1340 1308
E 1340 1332
E 612 2660
E 2660 2148
E 2148 2404
E 2404 2412
E 2412 2540
E 2148 2156
E 2156 2154
E 2154 2170
E 2660 2659
E 2659 2667
E 2667 2603
E 2603 2604
E 2603 3627
E 2667 2923
E 2923 3947
E 2923 3051
E 2923 2924
E 2924 2928
E 2928 3056
E 2928 880
E 2928 2672
E 2672 2608
E 2608 2624
E 2659 2147
E 2660 2596
E 2596 2594
E 2596 2724
E 2724 676
E 676 932
E 868 836
E 836 852
E 327 335
E 335 2383
E 335 1359
E 327 1351
E 1351 1863
E 327 71
E 71 199
E 67 65
E 65 321
E 321 2369
E 2369 2881
E 2881 2882
E 2882 2898
E 2898 2386
E 2386 2418
E 2369 2385
E 65 2113
E 65 81
E 67 99
E 99 35
E 75 203
E 75 331
E 331 363
E 363 2411
E 363 367
E 367 495
E 495 431
E 431 2479
E 2479 2477
E 2479 3503
E 3503 3495
E 3495 3493
E 3495 2471
E 2479 2543
E 2543 3567
E 3567 3439
E 3439 3183
E 3183 1135
E 431 429
E 429 425
E 28 156
E 156 140
E 140 2188
E 2188 2204
E 140 144
E 144 1168
E 1168 1160
E 1160 1156
E 1156 1668
E 1668 1700
E 1700 1572
E 1572 3620
E 3620 3108
E 3108 3106
E 3106 3114
E 3114 2090
E 3114 3370
E 1668 1540
E 1160 1224
E 1160 1176
E 144 16
E 156 668
E 156 412
E 412 410
E 410 409
E 409 281
E 281 285
E 410 442
E 442 426
E 426 394
E 394 906
E 906 778
E 778 2826
E 2826 2825
E 2825 2569
E 2569 2633
E 2633 3657
E 3657 3913
E 2569 2601
E 2601 2602
E 2602 2618
E 2825 2829
E 2829 2317
E 2825 2953
E 2953 905
E 2953 2985
E 778 794
E 794 826
E 794 858
E 906 908
E 906 650
E 426 428
E 412 476
E 476 2524
E 2524 2508
E 2508 2380
E 2508 2252
E 412 444
E 444 188
E 444 1468
E 1468 3516
E 3516 2492
E 1468 1472
E 1472 1470
E 31 2079
E 2079 2591
E 31 543
E 543 671
E 671 159
E 159 191
E 191 187
E 187 59
E 59 57
E 57 313
E 313 825
E 825 2873
E 2873 2361
E 2361 2365
E 2361 2362
E 59 315
E 315 443
E 59 51
E 51 115
E 51 1075
E 1075 1043
E 1043 1027
E 1043 1171
E 1171 147
E 147 19
E 1075 1331
E 1331 1335
E 1335 3383
E 3383 3367
E 3367 3879
E 3879 3847
E 3879 4007
E 3383 3127
E 51 307
E 307 305
E 305 273
E 273 1297
E 1297 1299
E 1299 1307
E 1307 1305
E 1305 1369
E 1369 1353
E 1305 1306
E 1306 1370
E 1370 1882
E 1882 1874
E 1882 1914
E 1914 1850
E 1850 1849
E 1849 1593
E 1593 3641
E 3641 3609
E 3609 3673
E 1914 1658
E 1658 3706
E 3706 3705
E 3705 3193
E 3705 3707
E 3706 3710
E 3710 3694
E 3710 3838
E 1305 1337
E 1337 1339
E 1297 1425
E 305 369
E 369 353
E 353 2401
E 353 481
E 481 993
E 993 3041
E 3041 3049
E 3049 3053
E 993 1001
E 481 483
E 483 227
E 227 1251
E 1251 3299
E 1251 1507
E 305 49
E 307 308
E 308 276
E 276 340
E 340 468
E 276 2324
E 2324 2388
E 2388 2516
E 2516 3540
E 2324 3348
E 3348 3356
E 3356 3360
E 3356 3484
E 3484 1436
E 1436 1420
E 3356 3388
E 308 292
E 292 290
E 290 289
E 289 801
E 801 809
E 809 1833
E 1833 1835
E 1835 1579
E 1579 1643
E 809 813
E 813 877
E 801 865
E 865 609
E 609 577
E 577 513
E 513 2561
E 2561 2563
E 2563 3587
E 3587 3843
E 3843 3859
E 2563 2819
E 513 1537
E 577 833
E 833 841
E 609 625
E 625 2673
E 2673 2674
E 625 753
E 753 721
E 609 545
E 545 1569
E 1569 1577
E 609 1633
E 801 2849
E 290 294
E 294 806
E 806 802
E 802 810
E 810 1834
E 1834 1826
E 1826 1842
E 1842 1841
E 1841 1585
E 1841 3889
E 1842 1844
E 1844 1828
E 1842 1810
E 1810 3858
E 802 804
E 804 803
E 806 805
E 805 2853
E 2853 2341
E 2853 2981
E 2981 2983
E 2983 2979
E 2979 2467
E 2467 2465
E 805 933
E 933 941
E 941 942
E 942 1966
E 806 808
E 292 291
E 291 295
E 292 420
E 420 436
E 308 372
E 307 2355
E 2355 2419
E 307 435
E 435 1459
E 159 157
E 159 160
E 543 575
E 575 571
E 571 699
E 571 2619
E 571 555
E 575 573
E 573 2621
E 573 829
E 829 2877
E 2877 3901
E 3901 3645
E 3645 3773
E 63 1087
E 1087 1343
E 1343 1311
E 1311 287
E 287 2335
E 2335 2319
E 2319 2831
E 2335 3359
E 3359 3487
E 287 799
E 251 763
E 763 747
E 747 748
E 748 620
E 255 767
E 767 735
E 735 607
E 735 733
E 733 1757
E 1757 1693
E 1693 1181
E 1181 1437
E 1437 1438
E 1438 414
E 414 926
E 926 798
E 1438 1950
E 1950 1822
E 1822 1566
E 1822 3870
E 1822 1854
E 1854 1838
E 1838 1582
E 1582 3630
E 3630 3886
E 3886 3902
E 3902 3898
E 3898 3866
E 3866 3850
E 3898 3882
E 3882 3626
E 1838 1806
E 1822 1824
E 1824 1808
E 1808 784
E 1950 1934
E 1934 3982
E 1437 1439
E 1439 1471
E 1181 1245
E 1757 1629
E 1629 1661
E 1661 1645
E 1645 1773
E 1773 1741
E 1741 1742
E 1742 3790
E 1742 1998
E 1741 3789
E 3789 2765
E 2765 2701
E 2701 653
E 2701 3725
E 3725 1677
E 1677 1549
E 1549 3597
E 3597 3613
E 2701 2717
E 3789 3785
E 3785 3777
E 3777 4033
E 1773 1775
E 1775 3823
E 3823 4079
E 1775 1776
E 1776 1744
E 1776 2032
E 1776 1792
E 1629 1630
E 1630 606
E 606 2654
E 2654 2646
E 2646 2630
E 2630 3654
E 3654 3686
E 3686 3622
E 2646 3670
E 3670 3672
E 3672 3704
E 3704 3712
E 3712 3840
E 3840 3832
E 107 111
E 111 79
E 79 207
E 207 223
E 79 1103
E 1103 3151
E 1103 1104
E 111 239
E 239 2287
E 2287 2799
E 2799 2800
E 2800 3824
E 239 751
E 751 752
E 752 750
E 750 749
E 749 717
E 717 709
E 749 745
E 745 713
E 713 969
E 969 973
E 969 961
E 969 970
E 745 737
E 737 673
E 673 674
E 674 690
E 690 694
E 690 754
E 674 678
E 678 1702
E 673 689
E 689 2737
E 2737 2801
E 2801 2809
E 2809 2681
E 2809 2810
E 745 761
E 761 633
E 633 569
E 750 1006
E 1006 1022
E 1022 1018
E 751 623
E 41 169
E 169 1193
E 1193 3241
E 3241 3242
E 45 2093
E 2093 2061
E 2061 13
E 13 15
E 15 271
E 2061 2189
E 2189 2190
E 2190 2702
E 2702 2574
E 2574 2638
E 2638 2670
E 2670 2666
E 2670 2926
E 2574 2590
E 2590 2718
E 2718 2710
E 2710 2742
E 2742 2726
E 2726 2214
E 2214 2470
E 2726 2725
E 2725 2741
E 2726 2790
E 2790 2758
E 2574 2062
E 2702 2704
E 2704 2736
E 2736 2728
E 2728 3752
E 3752 3240
E 3240 3496
E 2728 2984
E 2728 2744
E 2190 2446
E 2446 2445
E 2445 2437
E 2437 2181
E 2181 2245
E 2245 2253
E 2253 2255
E 2181 2213
E 2213 2277
E 2277 2278
E 2278 2280
E 2280 2792
E 2181 2183
E 2183 2055
E 2055 2311
E 2311 2307
E 2307 2051
E 2051 2083
E 2083 2084
E 2084 2052
E 2052 3076
E 3076 3140
E 3140 3396
E 3396 3404
E 3404 3403
E 3404 3532
E 2084 2088
E 2088 3112
E 2083 3107
E 2437 3461
E 3461 3333
E 3461 3973
E 3973 3717
E 3717 3589
E 3589 3591
E 3591 3719
E 3719 2695
E 2695 2711
E 2711 663
E 663 1687
E 663 727
E 727 711
E 711 583
E 583 591
E 591 847
E 663 647
E 647 1671
E 1671 1159
E 1159 3207
E 3207 3223
E 3207 3208
E 3208 3720
E 3720 3784
E 3784 3792
E 3792 3791
E 3791 3807
E 3807 3295
E 3208 3464
E 3464 3528
E 3528 3527
E 3527 3559
E 3528 3536
E 3536 4048
E 3464 3472
E 1671 1927
E 1927 1923
E 1923 1939
E 1939 3987
E 3987 3971
E 1671 1543
E 1671 1703
E 2711 2583
E 2583 2584
E 2711 2967
E 2967 2839
E 2967 3991
E 2711 2719
E 2719 2751
E 2751 2623
E 2623 2615
E 2615 2743
E 2743 695
E 2695 2703
E 2703 2699
E 2699 2763
E 2703 655
E 655 1679
E 1679 1167
E 1167 1039
E 3589 3653
E 3653 3649
E 3973 3845
E 3845 3877
E 2437 2453
E 2453 2325
E 2325 2069
E 2069 2197
E 2197 2229
E 2229 2293
E 2453 2485
E 2453 2517
E 2517 2549
E 2549 2533
E 2533 2529
E 2529 2497
E 2497 2499
E 2499 2500
E 2517 2525
E 2525 3037
E 2525 2526
E 2525 2557
E 2557 3581
E 3581 3577
E 2517 2519
E 2519 2455
E 2455 2439
E 2439 3463
E 3463 3459
E 3459 2435
E 2439 2951
E 2951 2949
E 2949 2821
E 2949 3013
E 3013 3015
E 3015 3031
E 2519 2503
E 2446 2462
E 2462 2461
E 2461 3485
E 3485 3997
E 3997 4061
E 4061 2013
E 2013 1501
E 1501 1503
E 1503 1504
E 1504 480
E 1504 1248
E 1248 1760
E 1760 1696
E 1504 1376
E 1504 1500
E 1500 1484
E 1484 1996
E 1500 1532
E 1532 3580
E 3580 3452
E 3452 3450
E 1532 2044
E 2044 1916
E 1916 3964
E 2044 1980
E 1980 1979
E 1980 1852
E 1980 4028
E 1500 3548
E 3548 3292
E 3548 4060
E 1503 3551
E 3551 3543
E 2013 2009
E 2009 1497
E 2009 1753
E 1753 3801
E 3801 4057
E 2009 1945
E 1945 1937
E 1937 1809
E 2009 2011
E 4061 3549
E 3549 3293
E 3293 3289
E 4061 3933
E 2462 2464
E 2446 2318
E 2318 2350
E 2318 2314
E 2318 2830
E 2190 2192
E 2192 2224
E 2224 2222
E 2222 2286
E 2286 2542
E 2542 2558
E 2558 2554
E 2558 3582
E 3582 3574
E 3574 1526
E 1526 1494
E 1494 1478
E 3574 3446
E 3574 3573
E 3573 3575
E 3575 3583
E 3583 2559
E 2559 2303
E 3582 4094
E 4094 4078
E 4078 3822
E 3822 2798
E 2798 2734
E 2734 2733
E 2798 2794
E 2794 3050
E 2794 2786
E 4078 4070
E 4070 3942
E 3942 1894
E 1894 870
E 870 838
E 838 2886
E 1894 1862
E 4070 4006
E 4006 1958
E 1958 1446
E 1446 422
E 422 934
E 934 950
E 950 1974
E 1974 1942
E 1942 1941
E 1941 1925
E 1925 1989
E 1989 965
E 965 453
E 453 449
E 449 457
E 457 459
E 459 460
E 453 469
E 469 470
E 470 982
E 982 984
E 965 837
E 1989 1477
E 1477 1413
E 1989 1997
E 1997 4045
E 1925 901
E 1941 2005
E 2005 1749
E 1749 1781
E 1781 3829
E 1749 1750
E 1750 1746
E 1746 2002
E 2002 2034
E 2034 2042
E 2042 2041
E 2042 4090
E 4090 3962
E 3962 3954
E 3954 3890
E 3890 2866
E 2866 818
E 818 817
E 817 561
E 561 563
E 818 946
E 946 1970
E 1970 1458
E 1458 1426
E 1426 1490
E 1490 1498
E 1498 1530
E 1498 3546
E 1426 1938
E 1458 1460
E 1460 3508
E 1970 1978
E 1978 1466
E 1466 1450
E 818 882
E 818 820
E 3954 2930
E 2930 2934
E 3962 3946
E 2042 2026
E 2026 2030
E 2030 1774
E 2002 4050
E 4050 3986
E 3986 3990
E 3986 3730
E 1746 1754
E 1754 3802
E 3802 4058
E 4058 2010
E 3802 3834
E 3834 3322
E 1754 1786
E 1754 1756
E 1756 3804
E 3804 3796
E 3796 2772
E 2772 2780
E 2780 732
E 732 764
E 2780 2778
E 2778 2777
E 2777 2769
E 2769 2770
E 2770 2258
E 2258 2194
E 2194 2450
E 2450 2454
E 2194 2226
E 2226 178
E 178 177
E 177 145
E 145 17
E 17 25
E 17 18
E 18 2
E 2 1026
E 2 514
E 514 770
E 770 834
E 2 66
E 66 322
E 322 258
E 66 1090
E 1090 1122
E 1122 1124
E 1124 1140
E 1140 1076
E 1076 1588
E 1588 3636
E 3636 3635
E 3635 3699
E 3699 1651
E 3699 3955
E 3955 4083
E 4083 3571
E 3955 3963
E 3963 3961
E 3961 3897
E 3897 3881
E 3881 3883
E 3883 3887
E 3887 2863
E 2863 2855
E 3881 3885
E 3885 3853
E 3955 3923
E 3923 3931
E 3923 3921
E 3699 3827
E 3636 3892
E 3636 2612
E 1588 1652
E 1652 1908
E 1908 1912
E 1912 1910
E 1910 1878
E 1878 1877
E 1912 1920
E 1076 1084
E 1076 1044
E 1044 1300
E 1300 1298
E 1298 1362
E 1362 1106
E 1106 1138
E 1138 1074
E 1138 1650
E 1138 1146
E 1076 1060
E 1060 1188
E 1188 1192
E 1188 1444
E 1188 1252
E 1252 1250
E 1250 1258
E 1258 1257
E 1257 1261
E 1257 1259
E 1259 1227
E 1227 1163
E 1163 1675
E 1675 1547
E 1547 3595
E 3595 3599
E 3599 3663
E 3663 3661
E 3599 3727
E 3727 3759
E 3727 3728
E 1675 3723
E 1140 1268
E 1268 1236
E 1236 1235
E 1235 3283
E 3283 3219
E 3219 3227
E 3227 3291
E 3291 3803
E 1235 1747
E 1747 1731
E 1731 707
E 707 715
E 715 719
E 719 2767
E 2767 2759
E 2767 2783
E 715 716
E 716 204
E 204 208
E 1747 1779
E 1779 1783
E 1783 1271
E 1271 247
E 247 231
E 231 743
E 743 2791
E 2791 2789
E 247 2295
E 2295 2291
E 2291 2163
E 2163 2675
E 2675 2611
E 2611 2609
E 2609 2610
E 2610 2738
E 2610 3634
E 2163 2161
E 1271 1527
E 1779 1780
E 1747 1755
E 1755 1787
E 1787 1275
E 1275 1267
E 1755 1691
E 1691 3739
E 3739 3731
E 1235 1239
E 1268 1524
E 1524 1396
E 1396 1395
E 1395 1399
E 1399 1397
E 1397 1405
E 1405 1389
E 1389 3437
E 3437 3453
E 3453 3389
E 3389 3133
E 3389 3357
E 1405 1533
E 1533 509
E 509 505
E 505 1017
E 1017 3065
E 3065 4089
E 4089 4073
E 3065 3067
E 3067 2939
E 2939 891
E 891 875
E 875 619
E 619 587
E 875 811
E 811 815
E 891 889
E 891 1915
E 3067 3003
E 1017 953
E 953 921
E 921 665
E 509 477
E 1533 1529
E 1529 1465
E 1529 1513
E 1396 3444
E 1396 1400
E 1400 1368
E 1368 1304
E 1304 1048
E 1048 1032
E 1032 1288
E 1288 1320
E 1320 1316
E 1316 3364
E 3364 3380
E 3380 2356
E 3380 3384
E 1320 1336
E 1336 1848
E 1848 1832
E 1832 1896
E 1896 3944
E 3944 3940
E 3940 4068
E 4068 4066
E 1896 1904
E 1904 1648
E 1648 1584
E 1584 1712
E 1584 1600
E 1904 3952
E 1288 3336
E 3336 3400
E 3400 1352
E 1352 1864
E 1864 1800
E 3400 2376
E 3400 3408
E 3400 3399
E 1304 1303
E 1303 1047
E 1303 1815
E 1368 1367
E 1368 1496
E 1400 1408
E 1408 1536
E 1536 1528
E 1528 1272
E 1528 3576
E 1536 2048
E 2048 2040
E 2040 2008
E 2008 1992
E 1992 4040
E 4040 3912
E 2040 1016
E 1016 1012
E 1012 756
E 756 692
E 692 1716
E 1716 1684
E 1684 3732
E 3732 3764
E 1716 1715
E 692 691
E 691 2739
E 756 2804
E 756 755
E 755 739
E 739 995
E 739 2787
E 2048 4096
E 1524 1492
E 1492 1491
E 1268 1276
E 1140 116
E 116 124
E 124 122
E 122 121
E 124 380
E 380 316
E 380 2428
E 2428 2420
E 2420 2164
E 2164 2172
E 2172 2684
E 2420 2548
E 116 628
E 628 626
E 626 634
E 1124 1380
E 1380 1379
E 1379 1315
E 1124 1132
E 1090 1092
E 18 274
E 274 338
E 274 278
E 18 530
E 530 562
E 562 566
E 566 54
E 54 310
E 310 306
E 566 1590
E 1590 1078
E 1078 1334
E 1078 1206
E 1590 3638
E 3638 3766
E 3766 3830
E 3830 3814
E 3830 1782
E 566 822
E 822 886
E 886 1014
E 1014 2038
E 2038 4086
E 4086 4085
E 4085 3061
E 4085 4087
E 4087 3063
E 3063 1015
E 4087 4088
E 4088 3960
E 3960 3896
E 3896 3904
E 3904 4032
E 4032 4031
E 4031 3007
E 3007 2975
E 2975 2959
E 2959 2447
E 2959 2957
E 2957 2958
E 2958 2974
E 2974 2970
E 2970 2842
E 4087 4071
E 4071 4072
E 4071 3047
E 177 1201
E 177 185
E 185 153
E 153 1177
E 1177 1179
E 1179 1435
E 1435 1419
E 1419 1483
E 1483 1995
E 1995 1987
E 1483 1487
E 1487 1485
E 1487 463
E 1419 1423
E 1423 1935
E 1935 911
E 1179 1180
E 1180 1212
E 1212 1204
E 1212 1216
E 1179 1243
E 1243 1247
E 1247 1759
E 1247 1279
E 1279 1277
E 1277 1273
E 1273 1274
E 1274 1278
E 1278 1150
E 1150 1134
E 1277 1789
E 1789 3837
E 3837 3325
E 3325 3309
E 3309 3565
E 3837 3805
E 3837 3821
E 2226 2482
E 2769 2641
E 2641 2649
E 2649 2651
E 2641 2643
E 2643 595
E 595 599
E 599 2647
E 2777 2779
E 2779 3035
E 2779 2267
E 2267 2523
E 2523 2507
E 2267 2203
E 2203 2201
E 2203 2459
E 3796 3284
E 3284 3156
E 3156 3155
E 3155 3091
E 3091 3603
E 3603 3601
E 3603 3611
E 3611 3615
E 3615 3607
E 3615 3743
E 3615 3647
E 3091 3095
E 3095 3351
E 3351 3347
E 3347 3331
E 3331 3332
E 3332 2308
E 3095 3096
E 3096 3160
E 3160 3159
E 3096 3094
E 3094 3078
E 3155 3667
E 3804 3676
E 1746 1748
E 1748 724
E 724 596
E 596 84
E 1750 1758
E 1758 1246
E 1246 1182
E 1246 1230
E 1246 1238
E 1238 3286
E 3286 3294
E 3294 3278
E 3278 3277
E 1238 1174
E 1174 3222
E 3222 3221
E 3221 3229
E 3229 3225
E 3225 3481
E 3481 3483
E 3483 3995
E 1758 1694
E 1694 3742
E 1942 2006
E 1974 1982
E 1982 1981
E 1981 4029
E 4029 4030
E 4030 4014
E 4014 4016
E 4029 4093
E 1982 1984
E 1984 960
E 960 1024
E 1024 1008
E 1008 1004
E 1004 2028
E 2028 1772
E 1008 1007
E 1007 2031
E 2031 1903
E 1903 1899
E 1899 1900
E 960 944
E 1446 1318
E 1318 1830
E 1318 3366
E 1446 1445
E 1445 421
E 421 165
E 165 37
E 1958 1926
E 1926 1990
E 1990 4038
E 4038 3526
E 3526 3525
E 3526 3558
E 3526 3398
E 2542 2478
E 2478 2494
E 2494 2366
E 2366 3390
E 3390 3374
E 3374 3118
E 2224 2480
E 2480 432
E 432 496
E 2480 2448
E 2448 400
E 400 272
E 272 268
E 272 264
E 264 392
E 392 456
E 264 263
E 263 279
E 279 791
E 791 823
E 823 567
E 567 565
E 565 629
E 629 597
E 597 598
E 598 582
E 598 594
E 598 726
E 726 2774
E 2774 2262
E 2262 2261
E 2261 2269
E 2262 2270
E 2270 2272
E 2270 2302
E 2270 2206
E 2774 3030
E 726 734
E 734 2782
E 734 670
E 629 757
E 757 693
E 693 949
E 949 821
E 821 885
E 885 893
E 893 381
E 381 377
E 377 361
E 377 1401
E 1401 1403
E 1403 1531
E 1531 1535
E 1535 2047
E 893 1021
E 885 2933
E 2933 3957
E 3957 3701
E 3701 3702
E 3957 3941
E 3941 2917
E 3941 3909
E 3909 3397
E 3397 3413
E 3413 2389
E 2389 2133
E 2389 2391
E 2391 2903
E 2903 2904
E 3941 3429
E 3941 4069
E 3957 3958
E 3958 3966
E 3966 3968
E 3968 3456
E 3456 3454
E 3454 3198
E 3958 3926
E 885 1013
E 1013 997
E 1013 1009
E 1009 2033
E 2033 2017
E 2017 1761
E 1761 1697
E 2033 2037
E 2033 1521
E 1521 1522
E 1522 1394
E 821 789
E 693 701
E 701 1725
E 1725 1213
E 693 677
E 629 631
E 823 951
E 951 947
E 947 2995
E 2995 2963
E 951 1975
E 951 959
E 951 935
E 823 887
E 887 375
E 887 855
E 855 863
E 863 2911
E 2911 2895
E 2895 2639
E 2911 2907
E 2907 2395
E 855 839
E 839 871
E 871 2919
E 2919 2915
E 2919 3943
E 871 615
E 615 103
E 103 104
E 104 1128
E 104 100
E 104 112
E 615 2663
E 839 2887
E 887 883
E 883 2931
E 2931 2867
E 887 888
E 888 2936
E 2936 2872
E 2872 2856
E 2856 2920
E 2920 2408
E 2408 2407
E 2856 2854
E 2872 2871
E 2871 2359
E 2359 2343
E 2343 2339
E 2359 2487
E 2487 2483
E 2483 2547
E 2547 2555
E 2547 2551
E 2487 3511
E 3511 4023
E 4023 3895
E 4023 4019
E 4019 4003
E 4003 1955
E 4019 4027
E 4027 3515
E 3511 1463
E 1463 1464
E 1464 440
E 440 952
E 440 504
E 504 488
E 488 424
E 1463 1207
E 2936 2935
E 2936 3064
E 823 819
E 819 827
E 791 792
E 792 856
E 856 1880
E 263 1287
E 1287 1285
E 1285 1349
E 2448 2320
E 2320 2352
E 2352 2344
E 2190 2182
E 2061 2063
E 45 1069
E 1069 1037
E 1037 1029
E 1037 1101
E 1101 1097
E 1097 1033
E 1033 1035
E 1035 1051
E 1097 3145
E 3145 3137
E 3137 3153
E 3153 3161
E 3161 1113
E 3145 3149
E 3149 3085
E 3149 3141
E 3141 2117
E 2117 2373
E 2373 325
E 325 341
E 2373 2885
E 2885 2629
E 2117 2125
E 2125 2127
E 2127 2119
E 2125 2381
E 2381 2893
E 3149 3405
E 3405 3533
E 3533 2509
E 3405 1357
E 1357 1373
E 1373 1374
E 1374 3422
E 3422 3166
E 3166 3150
E 3166 3678
E 3678 3662
E 3662 3918
E 3145 3081
E 3081 3209
E 3209 3210
E 3210 3226
E 3081 3082
E 3081 3073
E 3081 3113
E 1097 1099
E 1099 1100
E 1100 1612
E 1612 1644
E 1644 1642
E 1642 1634
E 1634 3682
E 3682 3618
E 3618 3586
E 3586 3585
E 3585 3593
E 3618 3874
E 3874 2850
E 2850 2852
E 2852 2860
E 2860 3884
E 1634 1890
E 1100 1228
E 1228 1260
E 1260 1516
E 1516 1515
E 1515 2027
E 1101 1613
E 1613 1869
E 1037 1038
E 1038 1040
E 1040 1296
E 1040 1072
E 143 2191
E 2191 2207
E 1165 3213
E 3213 3205
E 1421 1933
E 1933 909
E 909 781
E 909 925
E 925 797
E 797 793
E 793 2841
E 2841 2585
E 2585 2589
E 2589 2077
E 2077 2109
E 2109 2237
E 2585 2586
E 2586 2570
E 2586 2714
E 2841 2845
E 2845 2846
E 2846 2878
E 2841 3865
E 3470 3502
E 3502 3246
E 3246 3238
E 3238 3110
E 3110 3126
E 3110 3174
E 3502 3566
E 3566 1518
E 1518 1486
E 1486 3534
E 1486 1502
E 3470 3486
E 1930 1932
E 1932 1804
E 1932 1936
E 1936 1424
E 1424 1416
E 1936 3984
E 3984 2960
E 3984 4000
E 1130 1129
E 1129 1131
E 1131 1387
E 1131 1147
E 1147 1659
E 1659 1627
E 1627 603
E 603 635
E 603 731
E 1627 1611
E 1611 1867
E 1867 1803
E 1803 1807
E 1807 3855
E 3855 3871
E 1803 3851
E 3851 3339
E 3339 2315
E 3339 3083
E 1803 1931
E 1611 1739
E 1627 1625
E 1625 1657
E 1657 1649
E 1649 3697
E 3697 3681
E 3681 3683
E 3683 3619
E 3619 3875
E 3683 3811
E 3811 3815
E 3815 3687
E 3687 3695
E 3811 3819
E 3681 3169
E 3169 3171
E 3171 3179
E 3179 3177
E 3177 3689
E 3171 3172
E 3171 3139
E 3681 3809
E 3681 3685
E 3697 3953
E 3953 1905
E 1649 1777
E 1777 1778
E 1778 3826
E 3826 3314
E 3314 3570
E 3570 4082
E 4082 4018
E 3314 3318
E 1625 1881
E 1881 3929
E 3929 3417
E 1659 1663
E 1147 1139
E 1139 3187
E 3187 3315
E 3315 3313
E 3315 3323
E 3315 3319
E 3319 3831
E 3831 3703
E 3831 3839
E 3187 3191
E 3191 3189
E 3189 2165
E 2165 2173
E 3191 3199
E 3199 3197
E 3197 1149
E 3197 3709
E 3191 2167
E 2167 2175
E 2175 2176
E 2176 2304
E 2304 2240
E 2240 2496
E 2496 3008
E 2304 2300
E 2176 2160
E 2160 2288
E 2175 2143
E 2143 3167
E 3167 3103
E 3103 3087
E 3087 3088
E 3167 3165
E 2143 2271
E 2271 2263
E 2263 2259
E 2259 211
E 2259 2260
E 1147 3195
E 3195 2171
E 1147 1148
E 1148 3196
E 1 1025
E 1025 1057
E 1057 1185
E 1185 161
E 1185 1249
E 1185 1187
E 1185 1441
